2023-11-12 20:08:07.028 [background-preinit] INFO  org.hibernate.validator.internal.util.Version - HV000001: Hibernate Validator 8.0.1.Final
2023-11-12 20:08:07.055 [restartedMain] INFO  com.hp.blogserver.BlogServerApplication - Starting BlogServerApplication using Java 17.0.9 with PID 26036 (C:\Users\20126\Desktop\blog\blog-server\target\classes started by 20126 in C:\Users\20126\Desktop\blog\blog-server)
2023-11-12 20:08:07.056 [restartedMain] INFO  com.hp.blogserver.BlogServerApplication - The following 1 profile is active: "dev"
2023-11-12 20:08:07.086 [restartedMain] INFO  o.s.boot.devtools.restart.ChangeableUrls - The Class-Path manifest attribute in C:\Users\20126\.m2\repository\xalan\xalan\2.7.2\xalan-2.7.2.jar referenced one or more files that do not exist: file:/C:/Users/20126/.m2/repository/xalan/xalan/2.7.2/xercesImpl.jar,file:/C:/Users/20126/.m2/repository/xalan/xalan/2.7.2/xml-apis.jar,file:/C:/Users/20126/.m2/repository/xalan/xalan/2.7.2/serializer.jar
2023-11-12 20:08:07.087 [restartedMain] INFO  o.s.boot.devtools.restart.ChangeableUrls - The Class-Path manifest attribute in C:\Users\20126\.m2\repository\xalan\serializer\2.7.2\serializer-2.7.2.jar referenced one or more files that do not exist: file:/C:/Users/20126/.m2/repository/xalan/serializer/2.7.2/xml-apis.jar
2023-11-12 20:08:07.087 [restartedMain] INFO  o.s.b.d.env.DevToolsPropertyDefaultsPostProcessor - Devtools property defaults active! Set 'spring.devtools.add-properties' to 'false' to disable
2023-11-12 20:08:07.087 [restartedMain] INFO  o.s.b.d.env.DevToolsPropertyDefaultsPostProcessor - For additional web related logging consider setting the 'logging.level.web' property to 'DEBUG'
2023-11-12 20:08:08.287 [restartedMain] INFO  o.s.boot.web.embedded.tomcat.TomcatWebServer - Tomcat initialized with port(s): 8080 (http)
2023-11-12 20:08:08.293 [restartedMain] INFO  org.apache.coyote.http11.Http11NioProtocol - Initializing ProtocolHandler ["http-nio-8080"]
2023-11-12 20:08:08.297 [restartedMain] INFO  org.apache.catalina.core.StandardService - Starting service [Tomcat]
2023-11-12 20:08:08.298 [restartedMain] INFO  org.apache.catalina.core.StandardEngine - Starting Servlet engine: [Apache Tomcat/10.1.11]
2023-11-12 20:08:08.352 [restartedMain] INFO  o.a.c.core.ContainerBase.[Tomcat].[localhost].[/] - Initializing Spring embedded WebApplicationContext
2023-11-12 20:08:08.353 [restartedMain] INFO  o.s.b.w.s.c.ServletWebServerApplicationContext - Root WebApplicationContext: initialization completed in 1266 ms
2023-11-12 20:08:09.601 [restartedMain] INFO  o.s.b.actuate.endpoint.web.EndpointLinksResolver - Exposing 1 endpoint(s) beneath base path '/actuator'
2023-11-12 20:08:09.634 [restartedMain] INFO  o.s.security.web.DefaultSecurityFilterChain - Will secure any request with [org.springframework.security.web.session.DisableEncodeUrlFilter@4ee07e08, org.springframework.security.web.context.request.async.WebAsyncManagerIntegrationFilter@6048bd90, org.springframework.security.web.context.SecurityContextHolderFilter@61d2e3d, org.springframework.security.web.header.HeaderWriterFilter@5a7efc54, org.springframework.security.web.authentication.logout.LogoutFilter@716abb9d, com.hp.blogserver.security.filter.JwtAuthenticationTokenFilter@52c259ae, com.hp.blogserver.security.filter.LoginAuthenticationFilter@12d69614, org.springframework.security.web.savedrequest.RequestCacheAwareFilter@76d1c520, org.springframework.security.web.servletapi.SecurityContextHolderAwareRequestFilter@4e8eb0da, org.springframework.security.web.authentication.AnonymousAuthenticationFilter@5f8bba78, org.springframework.security.web.access.ExceptionTranslationFilter@56035c3e, org.springframework.security.web.access.intercept.AuthorizationFilter@6d7bf877]
2023-11-12 20:08:09.863 [restartedMain] INFO  o.s.b.d.autoconfigure.OptionalLiveReloadServer - LiveReload server is running on port 35729
2023-11-12 20:08:09.894 [restartedMain] INFO  org.apache.coyote.http11.Http11NioProtocol - Starting ProtocolHandler ["http-nio-8080"]
2023-11-12 20:08:09.907 [restartedMain] INFO  o.s.boot.web.embedded.tomcat.TomcatWebServer - Tomcat started on port(s): 8080 (http) with context path ''
2023-11-12 20:08:09.917 [restartedMain] INFO  com.hp.blogserver.BlogServerApplication - Started BlogServerApplication in 3.19 seconds (process running for 3.799)
2023-11-12 20:13:16.371 [background-preinit] INFO  org.hibernate.validator.internal.util.Version - HV000001: Hibernate Validator 8.0.1.Final
2023-11-12 20:13:16.402 [restartedMain] INFO  com.hp.blogserver.BlogServerApplication - Starting BlogServerApplication using Java 17.0.9 with PID 29472 (C:\Users\20126\Desktop\blog\blog-server\target\classes started by 20126 in C:\Users\20126\Desktop\blog\blog-server)
2023-11-12 20:13:16.403 [restartedMain] INFO  com.hp.blogserver.BlogServerApplication - The following 1 profile is active: "prod"
2023-11-12 20:13:16.436 [restartedMain] INFO  o.s.boot.devtools.restart.ChangeableUrls - The Class-Path manifest attribute in C:\Users\20126\.m2\repository\xalan\xalan\2.7.2\xalan-2.7.2.jar referenced one or more files that do not exist: file:/C:/Users/20126/.m2/repository/xalan/xalan/2.7.2/xercesImpl.jar,file:/C:/Users/20126/.m2/repository/xalan/xalan/2.7.2/xml-apis.jar,file:/C:/Users/20126/.m2/repository/xalan/xalan/2.7.2/serializer.jar
2023-11-12 20:13:16.436 [restartedMain] INFO  o.s.boot.devtools.restart.ChangeableUrls - The Class-Path manifest attribute in C:\Users\20126\.m2\repository\xalan\serializer\2.7.2\serializer-2.7.2.jar referenced one or more files that do not exist: file:/C:/Users/20126/.m2/repository/xalan/serializer/2.7.2/xml-apis.jar
2023-11-12 20:13:16.436 [restartedMain] INFO  o.s.b.d.env.DevToolsPropertyDefaultsPostProcessor - Devtools property defaults active! Set 'spring.devtools.add-properties' to 'false' to disable
2023-11-12 20:13:16.436 [restartedMain] INFO  o.s.b.d.env.DevToolsPropertyDefaultsPostProcessor - For additional web related logging consider setting the 'logging.level.web' property to 'DEBUG'
2023-11-12 20:13:17.744 [restartedMain] INFO  o.s.boot.web.embedded.tomcat.TomcatWebServer - Tomcat initialized with port(s): 8080 (http)
2023-11-12 20:13:17.750 [restartedMain] INFO  org.apache.coyote.http11.Http11NioProtocol - Initializing ProtocolHandler ["http-nio-8080"]
2023-11-12 20:13:17.751 [restartedMain] INFO  org.apache.catalina.core.StandardService - Starting service [Tomcat]
2023-11-12 20:13:17.751 [restartedMain] INFO  org.apache.catalina.core.StandardEngine - Starting Servlet engine: [Apache Tomcat/10.1.11]
2023-11-12 20:13:17.795 [restartedMain] INFO  o.a.c.core.ContainerBase.[Tomcat].[localhost].[/] - Initializing Spring embedded WebApplicationContext
2023-11-12 20:13:17.796 [restartedMain] INFO  o.s.b.w.s.c.ServletWebServerApplicationContext - Root WebApplicationContext: initialization completed in 1359 ms
2023-11-12 20:13:19.041 [restartedMain] INFO  o.s.b.actuate.endpoint.web.EndpointLinksResolver - Exposing 1 endpoint(s) beneath base path '/actuator'
2023-11-12 20:13:19.075 [restartedMain] INFO  o.s.security.web.DefaultSecurityFilterChain - Will secure any request with [org.springframework.security.web.session.DisableEncodeUrlFilter@6550104, org.springframework.security.web.context.request.async.WebAsyncManagerIntegrationFilter@5e965c0, org.springframework.security.web.context.SecurityContextHolderFilter@449870f9, org.springframework.security.web.header.HeaderWriterFilter@4eae6392, org.springframework.security.web.authentication.logout.LogoutFilter@cfed690, com.hp.blogserver.security.filter.JwtAuthenticationTokenFilter@35fbf33e, com.hp.blogserver.security.filter.LoginAuthenticationFilter@5ed5536f, org.springframework.security.web.savedrequest.RequestCacheAwareFilter@389a2aa8, org.springframework.security.web.servletapi.SecurityContextHolderAwareRequestFilter@76ee0d3e, org.springframework.security.web.authentication.AnonymousAuthenticationFilter@70263490, org.springframework.security.web.access.ExceptionTranslationFilter@5607e0fc, org.springframework.security.web.access.intercept.AuthorizationFilter@1cc59ce7]
2023-11-12 20:13:19.307 [restartedMain] INFO  o.s.b.d.autoconfigure.OptionalLiveReloadServer - LiveReload server is running on port 35729
2023-11-12 20:13:19.338 [restartedMain] INFO  org.apache.coyote.http11.Http11NioProtocol - Starting ProtocolHandler ["http-nio-8080"]
2023-11-12 20:13:19.351 [restartedMain] INFO  o.s.boot.web.embedded.tomcat.TomcatWebServer - Tomcat started on port(s): 8080 (http) with context path ''
2023-11-12 20:13:19.361 [restartedMain] INFO  com.hp.blogserver.BlogServerApplication - Started BlogServerApplication in 3.322 seconds (process running for 3.838)
2023-11-12 20:15:04.377 [background-preinit] INFO  org.hibernate.validator.internal.util.Version - HV000001: Hibernate Validator 8.0.1.Final
2023-11-12 20:15:04.404 [main] INFO  com.hp.blogserver.BlogServerApplicationTests - Starting BlogServerApplicationTests using Java 17.0.9 with PID 28952 (started by 20126 in C:\Users\20126\Desktop\blog\blog-server)
2023-11-12 20:15:04.404 [main] INFO  com.hp.blogserver.BlogServerApplicationTests - The following 1 profile is active: "prod"
2023-11-12 20:15:08.130 [main] INFO  o.s.security.web.DefaultSecurityFilterChain - Will secure any request with [org.springframework.security.web.session.DisableEncodeUrlFilter@26f204a4, org.springframework.security.web.context.request.async.WebAsyncManagerIntegrationFilter@28295554, org.springframework.security.web.context.SecurityContextHolderFilter@5f9ebd5a, org.springframework.security.web.header.HeaderWriterFilter@e18d2a2, org.springframework.security.web.authentication.logout.LogoutFilter@649009d6, com.hp.blogserver.security.filter.JwtAuthenticationTokenFilter@4e671ef, com.hp.blogserver.security.filter.LoginAuthenticationFilter@42403dc6, org.springframework.security.web.savedrequest.RequestCacheAwareFilter@2db3675a, org.springframework.security.web.servletapi.SecurityContextHolderAwareRequestFilter@64508788, org.springframework.security.web.authentication.AnonymousAuthenticationFilter@74a1d60e, org.springframework.security.web.access.ExceptionTranslationFilter@795eddda, org.springframework.security.web.access.intercept.AuthorizationFilter@df432ec]
2023-11-12 20:15:10.410 [main] INFO  o.s.b.actuate.endpoint.web.EndpointLinksResolver - Exposing 1 endpoint(s) beneath base path '/actuator'
2023-11-12 20:15:10.528 [main] INFO  com.hp.blogserver.BlogServerApplicationTests - Started BlogServerApplicationTests in 6.463 seconds (process running for 7.23)
2023-11-12 20:15:11.650 [main] INFO  o.s.t.c.support.AnnotationConfigContextLoaderUtils - Could not detect default configuration classes for test class [com.hp.blogserver.mapper.DeptMapperTest]: DeptMapperTest does not declare any static, non-private, non-final, nested classes annotated with @Configuration.
2023-11-12 20:15:11.657 [main] INFO  o.s.b.t.context.SpringBootTestContextBootstrapper - Found @SpringBootConfiguration com.hp.blogserver.BlogServerApplication for test class com.hp.blogserver.mapper.DeptMapperTest
2023-11-12 20:15:11.709 [main] INFO  com.zaxxer.hikari.HikariDataSource - HikariPool-1 - Starting...
2023-11-12 20:15:12.026 [main] INFO  com.zaxxer.hikari.pool.HikariPool - HikariPool-1 - Added connection com.mysql.cj.jdbc.ConnectionImpl@2052c49f
2023-11-12 20:15:12.033 [main] INFO  com.zaxxer.hikari.HikariDataSource - HikariPool-1 - Start completed.
2023-11-12 20:15:12.092 [main] INFO  o.s.t.c.support.AnnotationConfigContextLoaderUtils - Could not detect default configuration classes for test class [com.hp.blogserver.mapper.MenuMapperTest]: MenuMapperTest does not declare any static, non-private, non-final, nested classes annotated with @Configuration.
2023-11-12 20:15:12.093 [main] INFO  o.s.b.t.context.SpringBootTestContextBootstrapper - Found @SpringBootConfiguration com.hp.blogserver.BlogServerApplication for test class com.hp.blogserver.mapper.MenuMapperTest
2023-11-12 20:15:12.333 [main] INFO  o.s.t.c.support.AnnotationConfigContextLoaderUtils - Could not detect default configuration classes for test class [com.hp.blogserver.mapper.PermMapperTest]: PermMapperTest does not declare any static, non-private, non-final, nested classes annotated with @Configuration.
2023-11-12 20:15:12.336 [main] INFO  o.s.b.t.context.SpringBootTestContextBootstrapper - Found @SpringBootConfiguration com.hp.blogserver.BlogServerApplication for test class com.hp.blogserver.mapper.PermMapperTest
2023-11-12 20:15:12.396 [main] INFO  o.s.t.c.support.AnnotationConfigContextLoaderUtils - Could not detect default configuration classes for test class [com.hp.blogserver.mapper.RoleMapperTest]: RoleMapperTest does not declare any static, non-private, non-final, nested classes annotated with @Configuration.
2023-11-12 20:15:12.398 [main] INFO  o.s.b.t.context.SpringBootTestContextBootstrapper - Found @SpringBootConfiguration com.hp.blogserver.BlogServerApplication for test class com.hp.blogserver.mapper.RoleMapperTest
2023-11-12 20:15:12.427 [main] INFO  o.s.t.c.support.AnnotationConfigContextLoaderUtils - Could not detect default configuration classes for test class [com.hp.blogserver.mapper.UserMapperTest]: UserMapperTest does not declare any static, non-private, non-final, nested classes annotated with @Configuration.
2023-11-12 20:15:12.429 [main] INFO  o.s.b.t.context.SpringBootTestContextBootstrapper - Found @SpringBootConfiguration com.hp.blogserver.BlogServerApplication for test class com.hp.blogserver.mapper.UserMapperTest
2023-11-12 20:15:12.625 [main] INFO  o.s.t.c.support.AnnotationConfigContextLoaderUtils - Could not detect default configuration classes for test class [com.hp.blogserver.service.MenuServiceTest]: MenuServiceTest does not declare any static, non-private, non-final, nested classes annotated with @Configuration.
2023-11-12 20:15:12.633 [main] INFO  o.s.b.t.context.SpringBootTestContextBootstrapper - Found @SpringBootConfiguration com.hp.blogserver.BlogServerApplication for test class com.hp.blogserver.service.MenuServiceTest
2023-11-12 20:15:17.187 [main] INFO  o.s.t.c.support.AnnotationConfigContextLoaderUtils - Could not detect default configuration classes for test class [com.hp.blogserver.service.PermServiceTest]: PermServiceTest does not declare any static, non-private, non-final, nested classes annotated with @Configuration.
2023-11-12 20:15:17.189 [main] INFO  o.s.b.t.context.SpringBootTestContextBootstrapper - Found @SpringBootConfiguration com.hp.blogserver.BlogServerApplication for test class com.hp.blogserver.service.PermServiceTest
2023-11-12 20:15:17.233 [SpringApplicationShutdownHook] INFO  com.zaxxer.hikari.HikariDataSource - HikariPool-1 - Shutdown initiated...
2023-11-12 20:15:17.356 [SpringApplicationShutdownHook] INFO  com.zaxxer.hikari.HikariDataSource - HikariPool-1 - Shutdown completed.
2023-11-12 20:16:25.560 [background-preinit] INFO  org.hibernate.validator.internal.util.Version - HV000001: Hibernate Validator 8.0.1.Final
2023-11-12 20:16:25.581 [main] INFO  com.hp.blogserver.BlogServerApplicationTests - Starting BlogServerApplicationTests using Java 17.0.9 with PID 26556 (started by 20126 in C:\Users\20126\Desktop\blog\blog-server)
2023-11-12 20:16:25.583 [main] INFO  com.hp.blogserver.BlogServerApplicationTests - The following 1 profile is active: "prod"
2023-11-12 20:16:29.170 [main] INFO  o.s.security.web.DefaultSecurityFilterChain - Will secure any request with [org.springframework.security.web.session.DisableEncodeUrlFilter@74e2cfc5, org.springframework.security.web.context.request.async.WebAsyncManagerIntegrationFilter@4a5d5b38, org.springframework.security.web.context.SecurityContextHolderFilter@df432ec, org.springframework.security.web.header.HeaderWriterFilter@58068b40, org.springframework.security.web.authentication.logout.LogoutFilter@1f521c69, com.hp.blogserver.security.filter.JwtAuthenticationTokenFilter@7a47f0be, com.hp.blogserver.security.filter.LoginAuthenticationFilter@2d8087da, org.springframework.security.web.savedrequest.RequestCacheAwareFilter@26f204a4, org.springframework.security.web.servletapi.SecurityContextHolderAwareRequestFilter@74a1d60e, org.springframework.security.web.authentication.AnonymousAuthenticationFilter@4f7ef948, org.springframework.security.web.access.ExceptionTranslationFilter@5790cbcb, org.springframework.security.web.access.intercept.AuthorizationFilter@552cb0d5]
2023-11-12 20:16:31.445 [main] INFO  o.s.b.actuate.endpoint.web.EndpointLinksResolver - Exposing 1 endpoint(s) beneath base path '/actuator'
2023-11-12 20:16:31.555 [main] INFO  com.hp.blogserver.BlogServerApplicationTests - Started BlogServerApplicationTests in 6.292 seconds (process running for 7.056)
2023-11-12 20:16:32.418 [main] INFO  o.s.t.c.support.AnnotationConfigContextLoaderUtils - Could not detect default configuration classes for test class [com.hp.blogserver.mapper.DeptMapperTest]: DeptMapperTest does not declare any static, non-private, non-final, nested classes annotated with @Configuration.
2023-11-12 20:16:32.428 [main] INFO  o.s.b.t.context.SpringBootTestContextBootstrapper - Found @SpringBootConfiguration com.hp.blogserver.BlogServerApplication for test class com.hp.blogserver.mapper.DeptMapperTest
2023-11-12 20:16:32.476 [main] INFO  com.zaxxer.hikari.HikariDataSource - HikariPool-1 - Starting...
2023-11-12 20:16:32.831 [main] INFO  com.zaxxer.hikari.pool.HikariPool - HikariPool-1 - Added connection com.mysql.cj.jdbc.ConnectionImpl@4bf6bc2d
2023-11-12 20:16:32.835 [main] INFO  com.zaxxer.hikari.HikariDataSource - HikariPool-1 - Start completed.
2023-11-12 20:16:32.898 [main] INFO  o.s.t.c.support.AnnotationConfigContextLoaderUtils - Could not detect default configuration classes for test class [com.hp.blogserver.mapper.MenuMapperTest]: MenuMapperTest does not declare any static, non-private, non-final, nested classes annotated with @Configuration.
2023-11-12 20:16:32.900 [main] INFO  o.s.b.t.context.SpringBootTestContextBootstrapper - Found @SpringBootConfiguration com.hp.blogserver.BlogServerApplication for test class com.hp.blogserver.mapper.MenuMapperTest
2023-11-12 20:16:33.130 [main] INFO  o.s.t.c.support.AnnotationConfigContextLoaderUtils - Could not detect default configuration classes for test class [com.hp.blogserver.mapper.PermMapperTest]: PermMapperTest does not declare any static, non-private, non-final, nested classes annotated with @Configuration.
2023-11-12 20:16:33.132 [main] INFO  o.s.b.t.context.SpringBootTestContextBootstrapper - Found @SpringBootConfiguration com.hp.blogserver.BlogServerApplication for test class com.hp.blogserver.mapper.PermMapperTest
2023-11-12 20:16:33.193 [main] INFO  o.s.t.c.support.AnnotationConfigContextLoaderUtils - Could not detect default configuration classes for test class [com.hp.blogserver.mapper.RoleMapperTest]: RoleMapperTest does not declare any static, non-private, non-final, nested classes annotated with @Configuration.
2023-11-12 20:16:33.195 [main] INFO  o.s.b.t.context.SpringBootTestContextBootstrapper - Found @SpringBootConfiguration com.hp.blogserver.BlogServerApplication for test class com.hp.blogserver.mapper.RoleMapperTest
2023-11-12 20:16:33.225 [main] INFO  o.s.t.c.support.AnnotationConfigContextLoaderUtils - Could not detect default configuration classes for test class [com.hp.blogserver.mapper.UserMapperTest]: UserMapperTest does not declare any static, non-private, non-final, nested classes annotated with @Configuration.
2023-11-12 20:16:33.226 [main] INFO  o.s.b.t.context.SpringBootTestContextBootstrapper - Found @SpringBootConfiguration com.hp.blogserver.BlogServerApplication for test class com.hp.blogserver.mapper.UserMapperTest
2023-11-12 20:16:33.399 [main] INFO  o.s.t.c.support.AnnotationConfigContextLoaderUtils - Could not detect default configuration classes for test class [com.hp.blogserver.service.MenuServiceTest]: MenuServiceTest does not declare any static, non-private, non-final, nested classes annotated with @Configuration.
2023-11-12 20:16:33.405 [main] INFO  o.s.b.t.context.SpringBootTestContextBootstrapper - Found @SpringBootConfiguration com.hp.blogserver.BlogServerApplication for test class com.hp.blogserver.service.MenuServiceTest
2023-11-12 20:16:37.810 [main] INFO  o.s.t.c.support.AnnotationConfigContextLoaderUtils - Could not detect default configuration classes for test class [com.hp.blogserver.service.PermServiceTest]: PermServiceTest does not declare any static, non-private, non-final, nested classes annotated with @Configuration.
2023-11-12 20:16:37.812 [main] INFO  o.s.b.t.context.SpringBootTestContextBootstrapper - Found @SpringBootConfiguration com.hp.blogserver.BlogServerApplication for test class com.hp.blogserver.service.PermServiceTest
2023-11-12 20:16:37.853 [SpringApplicationShutdownHook] INFO  com.zaxxer.hikari.HikariDataSource - HikariPool-1 - Shutdown initiated...
2023-11-12 20:16:37.926 [SpringApplicationShutdownHook] INFO  com.zaxxer.hikari.HikariDataSource - HikariPool-1 - Shutdown completed.
2023-11-12 21:19:05.332 [background-preinit] INFO  org.hibernate.validator.internal.util.Version - HV000001: Hibernate Validator 8.0.1.Final
2023-11-12 21:19:05.353 [main] INFO  com.hp.blogserver.BlogServerApplicationTests - Starting BlogServerApplicationTests using Java 17.0.9 with PID 28384 (started by 20126 in C:\Users\20126\Desktop\blog\blog-server)
2023-11-12 21:19:05.354 [main] INFO  com.hp.blogserver.BlogServerApplicationTests - The following 1 profile is active: "prod"
2023-11-12 21:19:08.805 [main] INFO  o.s.security.web.DefaultSecurityFilterChain - Will secure any request with [org.springframework.security.web.session.DisableEncodeUrlFilter@7a47f0be, org.springframework.security.web.context.request.async.WebAsyncManagerIntegrationFilter@2d8087da, org.springframework.security.web.context.SecurityContextHolderFilter@26f204a4, org.springframework.security.web.header.HeaderWriterFilter@dd060be, org.springframework.security.web.authentication.logout.LogoutFilter@3aeb267, com.hp.blogserver.security.filter.JwtAuthenticationTokenFilter@4f7ef948, com.hp.blogserver.security.filter.LoginAuthenticationFilter@6fdaef04, org.springframework.security.web.savedrequest.RequestCacheAwareFilter@4e671ef, org.springframework.security.web.servletapi.SecurityContextHolderAwareRequestFilter@219edc05, org.springframework.security.web.authentication.AnonymousAuthenticationFilter@2a5d2041, org.springframework.security.web.access.ExceptionTranslationFilter@645c9f0f, org.springframework.security.web.access.intercept.AuthorizationFilter@74e2cfc5]
2023-11-12 21:19:11.049 [main] INFO  o.s.b.actuate.endpoint.web.EndpointLinksResolver - Exposing 1 endpoint(s) beneath base path '/actuator'
2023-11-12 21:19:11.167 [main] INFO  com.hp.blogserver.BlogServerApplicationTests - Started BlogServerApplicationTests in 6.133 seconds (process running for 6.817)
2023-11-12 21:19:12.154 [main] INFO  o.s.t.c.support.AnnotationConfigContextLoaderUtils - Could not detect default configuration classes for test class [com.hp.blogserver.mapper.DeptMapperTest]: DeptMapperTest does not declare any static, non-private, non-final, nested classes annotated with @Configuration.
2023-11-12 21:19:12.166 [main] INFO  o.s.b.t.context.SpringBootTestContextBootstrapper - Found @SpringBootConfiguration com.hp.blogserver.BlogServerApplication for test class com.hp.blogserver.mapper.DeptMapperTest
2023-11-12 21:19:12.208 [main] INFO  com.zaxxer.hikari.HikariDataSource - HikariPool-1 - Starting...
2023-11-12 21:19:12.569 [main] INFO  com.zaxxer.hikari.pool.HikariPool - HikariPool-1 - Added connection com.mysql.cj.jdbc.ConnectionImpl@4bf6bc2d
2023-11-12 21:19:12.573 [main] INFO  com.zaxxer.hikari.HikariDataSource - HikariPool-1 - Start completed.
2023-11-12 21:19:12.629 [main] INFO  o.s.t.c.support.AnnotationConfigContextLoaderUtils - Could not detect default configuration classes for test class [com.hp.blogserver.mapper.MenuMapperTest]: MenuMapperTest does not declare any static, non-private, non-final, nested classes annotated with @Configuration.
2023-11-12 21:19:12.631 [main] INFO  o.s.b.t.context.SpringBootTestContextBootstrapper - Found @SpringBootConfiguration com.hp.blogserver.BlogServerApplication for test class com.hp.blogserver.mapper.MenuMapperTest
2023-11-12 21:19:12.864 [main] INFO  o.s.t.c.support.AnnotationConfigContextLoaderUtils - Could not detect default configuration classes for test class [com.hp.blogserver.mapper.PermMapperTest]: PermMapperTest does not declare any static, non-private, non-final, nested classes annotated with @Configuration.
2023-11-12 21:19:12.865 [main] INFO  o.s.b.t.context.SpringBootTestContextBootstrapper - Found @SpringBootConfiguration com.hp.blogserver.BlogServerApplication for test class com.hp.blogserver.mapper.PermMapperTest
2023-11-12 21:19:12.911 [main] INFO  o.s.t.c.support.AnnotationConfigContextLoaderUtils - Could not detect default configuration classes for test class [com.hp.blogserver.mapper.RoleMapperTest]: RoleMapperTest does not declare any static, non-private, non-final, nested classes annotated with @Configuration.
2023-11-12 21:19:12.912 [main] INFO  o.s.b.t.context.SpringBootTestContextBootstrapper - Found @SpringBootConfiguration com.hp.blogserver.BlogServerApplication for test class com.hp.blogserver.mapper.RoleMapperTest
2023-11-12 21:19:12.936 [main] INFO  o.s.t.c.support.AnnotationConfigContextLoaderUtils - Could not detect default configuration classes for test class [com.hp.blogserver.mapper.UserMapperTest]: UserMapperTest does not declare any static, non-private, non-final, nested classes annotated with @Configuration.
2023-11-12 21:19:12.937 [main] INFO  o.s.b.t.context.SpringBootTestContextBootstrapper - Found @SpringBootConfiguration com.hp.blogserver.BlogServerApplication for test class com.hp.blogserver.mapper.UserMapperTest
2023-11-12 21:19:13.075 [main] INFO  o.s.t.c.support.AnnotationConfigContextLoaderUtils - Could not detect default configuration classes for test class [com.hp.blogserver.service.MenuServiceTest]: MenuServiceTest does not declare any static, non-private, non-final, nested classes annotated with @Configuration.
2023-11-12 21:19:13.080 [main] INFO  o.s.b.t.context.SpringBootTestContextBootstrapper - Found @SpringBootConfiguration com.hp.blogserver.BlogServerApplication for test class com.hp.blogserver.service.MenuServiceTest
2023-11-12 21:19:17.101 [main] INFO  o.s.t.c.support.AnnotationConfigContextLoaderUtils - Could not detect default configuration classes for test class [com.hp.blogserver.service.PermServiceTest]: PermServiceTest does not declare any static, non-private, non-final, nested classes annotated with @Configuration.
2023-11-12 21:19:17.103 [main] INFO  o.s.b.t.context.SpringBootTestContextBootstrapper - Found @SpringBootConfiguration com.hp.blogserver.BlogServerApplication for test class com.hp.blogserver.service.PermServiceTest
2023-11-12 21:19:17.166 [SpringApplicationShutdownHook] INFO  com.zaxxer.hikari.HikariDataSource - HikariPool-1 - Shutdown initiated...
2023-11-12 21:19:17.258 [SpringApplicationShutdownHook] INFO  com.zaxxer.hikari.HikariDataSource - HikariPool-1 - Shutdown completed.
2023-11-12 21:19:47.049 [background-preinit] INFO  org.hibernate.validator.internal.util.Version - HV000001: Hibernate Validator 8.0.1.Final
2023-11-12 21:19:47.073 [main] INFO  com.hp.blogserver.BlogServerApplicationTests - Starting BlogServerApplicationTests using Java 17.0.9 with PID 32276 (started by 20126 in C:\Users\20126\Desktop\blog\blog-server)
2023-11-12 21:19:47.075 [main] INFO  com.hp.blogserver.BlogServerApplicationTests - The following 1 profile is active: "prod"
2023-11-12 21:19:51.000 [main] INFO  o.s.security.web.DefaultSecurityFilterChain - Will secure any request with [org.springframework.security.web.session.DisableEncodeUrlFilter@5c930fc3, org.springframework.security.web.context.request.async.WebAsyncManagerIntegrationFilter@25c6ab3f, org.springframework.security.web.context.SecurityContextHolderFilter@71f8ce0e, org.springframework.security.web.header.HeaderWriterFilter@30b1c5d5, org.springframework.security.web.authentication.logout.LogoutFilter@58068b40, com.hp.blogserver.security.filter.JwtAuthenticationTokenFilter@7b80af04, com.hp.blogserver.security.filter.LoginAuthenticationFilter@2447940d, org.springframework.security.web.savedrequest.RequestCacheAwareFilter@1a8e44fe, org.springframework.security.web.servletapi.SecurityContextHolderAwareRequestFilter@71469e01, org.springframework.security.web.authentication.AnonymousAuthenticationFilter@60ee7a51, org.springframework.security.web.access.ExceptionTranslationFilter@1ab28416, org.springframework.security.web.access.intercept.AuthorizationFilter@1818d00b]
2023-11-12 21:19:53.123 [main] INFO  o.s.b.actuate.endpoint.web.EndpointLinksResolver - Exposing 1 endpoint(s) beneath base path '/actuator'
2023-11-12 21:19:53.233 [main] INFO  com.hp.blogserver.BlogServerApplicationTests - Started BlogServerApplicationTests in 6.486 seconds (process running for 7.17)
2023-11-12 21:19:54.092 [main] INFO  o.s.t.c.support.AnnotationConfigContextLoaderUtils - Could not detect default configuration classes for test class [com.hp.blogserver.mapper.DeptMapperTest]: DeptMapperTest does not declare any static, non-private, non-final, nested classes annotated with @Configuration.
2023-11-12 21:19:54.103 [main] INFO  o.s.b.t.context.SpringBootTestContextBootstrapper - Found @SpringBootConfiguration com.hp.blogserver.BlogServerApplication for test class com.hp.blogserver.mapper.DeptMapperTest
2023-11-12 21:19:54.168 [main] INFO  com.zaxxer.hikari.HikariDataSource - HikariPool-1 - Starting...
2023-11-12 21:19:54.536 [main] INFO  com.zaxxer.hikari.pool.HikariPool - HikariPool-1 - Added connection com.mysql.cj.jdbc.ConnectionImpl@1a557a52
2023-11-12 21:19:54.542 [main] INFO  com.zaxxer.hikari.HikariDataSource - HikariPool-1 - Start completed.
2023-11-12 21:19:54.622 [main] INFO  o.s.t.c.support.AnnotationConfigContextLoaderUtils - Could not detect default configuration classes for test class [com.hp.blogserver.mapper.MenuMapperTest]: MenuMapperTest does not declare any static, non-private, non-final, nested classes annotated with @Configuration.
2023-11-12 21:19:54.623 [main] INFO  o.s.b.t.context.SpringBootTestContextBootstrapper - Found @SpringBootConfiguration com.hp.blogserver.BlogServerApplication for test class com.hp.blogserver.mapper.MenuMapperTest
2023-11-12 21:19:54.839 [main] INFO  o.s.t.c.support.AnnotationConfigContextLoaderUtils - Could not detect default configuration classes for test class [com.hp.blogserver.mapper.PermMapperTest]: PermMapperTest does not declare any static, non-private, non-final, nested classes annotated with @Configuration.
2023-11-12 21:19:54.841 [main] INFO  o.s.b.t.context.SpringBootTestContextBootstrapper - Found @SpringBootConfiguration com.hp.blogserver.BlogServerApplication for test class com.hp.blogserver.mapper.PermMapperTest
2023-11-12 21:19:54.896 [main] INFO  o.s.t.c.support.AnnotationConfigContextLoaderUtils - Could not detect default configuration classes for test class [com.hp.blogserver.mapper.RoleMapperTest]: RoleMapperTest does not declare any static, non-private, non-final, nested classes annotated with @Configuration.
2023-11-12 21:19:54.898 [main] INFO  o.s.b.t.context.SpringBootTestContextBootstrapper - Found @SpringBootConfiguration com.hp.blogserver.BlogServerApplication for test class com.hp.blogserver.mapper.RoleMapperTest
2023-11-12 21:19:54.932 [main] INFO  o.s.t.c.support.AnnotationConfigContextLoaderUtils - Could not detect default configuration classes for test class [com.hp.blogserver.mapper.UserMapperTest]: UserMapperTest does not declare any static, non-private, non-final, nested classes annotated with @Configuration.
2023-11-12 21:19:54.933 [main] INFO  o.s.b.t.context.SpringBootTestContextBootstrapper - Found @SpringBootConfiguration com.hp.blogserver.BlogServerApplication for test class com.hp.blogserver.mapper.UserMapperTest
2023-11-12 21:19:55.316 [main] INFO  o.s.t.c.support.AnnotationConfigContextLoaderUtils - Could not detect default configuration classes for test class [com.hp.blogserver.service.MenuServiceTest]: MenuServiceTest does not declare any static, non-private, non-final, nested classes annotated with @Configuration.
2023-11-12 21:19:55.322 [main] INFO  o.s.b.t.context.SpringBootTestContextBootstrapper - Found @SpringBootConfiguration com.hp.blogserver.BlogServerApplication for test class com.hp.blogserver.service.MenuServiceTest
2023-11-12 21:19:59.903 [main] INFO  o.s.t.c.support.AnnotationConfigContextLoaderUtils - Could not detect default configuration classes for test class [com.hp.blogserver.service.PermServiceTest]: PermServiceTest does not declare any static, non-private, non-final, nested classes annotated with @Configuration.
2023-11-12 21:19:59.905 [main] INFO  o.s.b.t.context.SpringBootTestContextBootstrapper - Found @SpringBootConfiguration com.hp.blogserver.BlogServerApplication for test class com.hp.blogserver.service.PermServiceTest
2023-11-12 21:19:59.954 [SpringApplicationShutdownHook] INFO  com.zaxxer.hikari.HikariDataSource - HikariPool-1 - Shutdown initiated...
2023-11-12 21:20:00.032 [SpringApplicationShutdownHook] INFO  com.zaxxer.hikari.HikariDataSource - HikariPool-1 - Shutdown completed.
