2023-11-13 22:45:40.092 [File Watcher] INFO  o.s.b.d.a.LocalDevToolsAutoConfiguration$RestartingClassPathChangeChangedEventListener - Restarting due to 2 class path changes (0 additions, 2 deletions, 0 modifications)
2023-11-13 22:45:40.105 [Thread-5] INFO  org.apache.coyote.http11.Http11NioProtocol - Pausing ProtocolHandler ["http-nio-8080"]
2023-11-13 22:45:40.105 [Thread-5] INFO  org.apache.catalina.core.StandardService - Stopping service [Tomcat]
2023-11-13 22:45:40.106 [Thread-5] INFO  o.a.c.core.ContainerBase.[Tomcat].[localhost].[/] - Destroying Spring FrameworkServlet 'dispatcherServlet'
2023-11-13 22:45:40.112 [Thread-5] INFO  org.apache.coyote.http11.Http11NioProtocol - Stopping ProtocolHandler ["http-nio-8080"]
2023-11-13 22:45:40.113 [Thread-5] INFO  org.apache.coyote.http11.Http11NioProtocol - Destroying ProtocolHandler ["http-nio-8080"]
2023-11-13 22:45:40.116 [Thread-5] INFO  com.zaxxer.hikari.HikariDataSource - HikariPool-1 - Shutdown initiated...
2023-11-13 22:45:40.192 [Thread-5] INFO  com.zaxxer.hikari.HikariDataSource - HikariPool-1 - Shutdown completed.
2023-11-13 22:45:40.269 [restartedMain] INFO  com.hp.blogserver.BlogServerApplication - Starting BlogServerApplication using Java 17.0.9 with PID 31960 (C:\Users\20126\Desktop\blog\blog-server\target\classes started by 20126 in C:\Users\20126\Desktop\blog\blog-server)
2023-11-13 22:45:40.270 [restartedMain] INFO  com.hp.blogserver.BlogServerApplication - The following 1 profile is active: "dev"
2023-11-13 22:45:40.633 [restartedMain] INFO  o.s.boot.web.embedded.tomcat.TomcatWebServer - Tomcat initialized with port(s): 8080 (http)
2023-11-13 22:45:40.633 [restartedMain] INFO  org.apache.coyote.http11.Http11NioProtocol - Initializing ProtocolHandler ["http-nio-8080"]
2023-11-13 22:45:40.633 [restartedMain] INFO  org.apache.catalina.core.StandardService - Starting service [Tomcat]
2023-11-13 22:45:40.634 [restartedMain] INFO  org.apache.catalina.core.StandardEngine - Starting Servlet engine: [Apache Tomcat/10.1.11]
2023-11-13 22:45:40.648 [restartedMain] INFO  o.a.c.core.ContainerBase.[Tomcat].[localhost].[/] - Initializing Spring embedded WebApplicationContext
2023-11-13 22:45:40.648 [restartedMain] INFO  o.s.b.w.s.c.ServletWebServerApplicationContext - Root WebApplicationContext: initialization completed in 376 ms
2023-11-13 22:45:41.886 [restartedMain] INFO  o.s.b.actuate.endpoint.web.EndpointLinksResolver - Exposing 1 endpoint(s) beneath base path '/actuator'
2023-11-13 22:45:41.911 [restartedMain] INFO  o.s.security.web.DefaultSecurityFilterChain - Will secure any request with [org.springframework.security.web.session.DisableEncodeUrlFilter@64e4494c, org.springframework.security.web.context.request.async.WebAsyncManagerIntegrationFilter@21b92c2b, org.springframework.security.web.context.SecurityContextHolderFilter@91b09b5, org.springframework.security.web.header.HeaderWriterFilter@3b655a1a, org.springframework.security.web.authentication.logout.LogoutFilter@6094b19a, com.hp.blogserver.security.filter.JwtAuthenticationTokenFilter@14698cf2, com.hp.blogserver.security.filter.LoginAuthenticationFilter@1405ccea, org.springframework.security.web.savedrequest.RequestCacheAwareFilter@7b09f0bf, org.springframework.security.web.servletapi.SecurityContextHolderAwareRequestFilter@20377b2a, org.springframework.security.web.authentication.AnonymousAuthenticationFilter@526d490f, org.springframework.security.web.access.ExceptionTranslationFilter@15a9c995, org.springframework.security.web.access.intercept.AuthorizationFilter@4fd9f6bb]
2023-11-13 22:45:42.118 [restartedMain] INFO  o.s.b.d.autoconfigure.OptionalLiveReloadServer - LiveReload server is running on port 35729
2023-11-13 22:45:42.134 [restartedMain] INFO  org.apache.coyote.http11.Http11NioProtocol - Starting ProtocolHandler ["http-nio-8080"]
2023-11-13 22:45:42.136 [restartedMain] INFO  o.s.boot.web.embedded.tomcat.TomcatWebServer - Tomcat started on port(s): 8080 (http) with context path ''
2023-11-13 22:45:42.143 [restartedMain] INFO  com.hp.blogserver.BlogServerApplication - Started BlogServerApplication in 1.908 seconds (process running for 79.952)
2023-11-13 22:45:42.145 [restartedMain] INFO  o.s.b.d.a.ConditionEvaluationDeltaLoggingListener - Condition evaluation unchanged
2023-11-13 22:45:43.565 [File Watcher] INFO  o.s.b.d.a.LocalDevToolsAutoConfiguration$RestartingClassPathChangeChangedEventListener - Restarting due to 2 class path changes (2 additions, 0 deletions, 0 modifications)
2023-11-13 22:45:43.575 [Thread-7] INFO  org.apache.coyote.http11.Http11NioProtocol - Pausing ProtocolHandler ["http-nio-8080"]
2023-11-13 22:45:43.575 [Thread-7] INFO  org.apache.catalina.core.StandardService - Stopping service [Tomcat]
2023-11-13 22:45:43.577 [Thread-7] INFO  org.apache.coyote.http11.Http11NioProtocol - Stopping ProtocolHandler ["http-nio-8080"]
2023-11-13 22:45:43.578 [Thread-7] INFO  org.apache.coyote.http11.Http11NioProtocol - Destroying ProtocolHandler ["http-nio-8080"]
2023-11-13 22:45:43.625 [restartedMain] INFO  com.hp.blogserver.BlogServerApplication - Starting BlogServerApplication using Java 17.0.9 with PID 31960 (C:\Users\20126\Desktop\blog\blog-server\target\classes started by 20126 in C:\Users\20126\Desktop\blog\blog-server)
2023-11-13 22:45:43.625 [restartedMain] INFO  com.hp.blogserver.BlogServerApplication - The following 1 profile is active: "dev"
2023-11-13 22:45:43.859 [restartedMain] INFO  o.s.boot.web.embedded.tomcat.TomcatWebServer - Tomcat initialized with port(s): 8080 (http)
2023-11-13 22:45:43.859 [restartedMain] INFO  org.apache.coyote.http11.Http11NioProtocol - Initializing ProtocolHandler ["http-nio-8080"]
2023-11-13 22:45:43.859 [restartedMain] INFO  org.apache.catalina.core.StandardService - Starting service [Tomcat]
2023-11-13 22:45:43.859 [restartedMain] INFO  org.apache.catalina.core.StandardEngine - Starting Servlet engine: [Apache Tomcat/10.1.11]
2023-11-13 22:45:43.873 [restartedMain] INFO  o.a.c.core.ContainerBase.[Tomcat].[localhost].[/] - Initializing Spring embedded WebApplicationContext
2023-11-13 22:45:43.873 [restartedMain] INFO  o.s.b.w.s.c.ServletWebServerApplicationContext - Root WebApplicationContext: initialization completed in 248 ms
2023-11-13 22:45:44.436 [restartedMain] INFO  o.s.b.actuate.endpoint.web.EndpointLinksResolver - Exposing 1 endpoint(s) beneath base path '/actuator'
2023-11-13 22:45:44.448 [restartedMain] INFO  o.s.security.web.DefaultSecurityFilterChain - Will secure any request with [org.springframework.security.web.session.DisableEncodeUrlFilter@55333ddc, org.springframework.security.web.context.request.async.WebAsyncManagerIntegrationFilter@4634e4bc, org.springframework.security.web.context.SecurityContextHolderFilter@7c1cf950, org.springframework.security.web.header.HeaderWriterFilter@3c8ecedd, org.springframework.security.web.authentication.logout.LogoutFilter@71ec5f11, com.hp.blogserver.security.filter.JwtAuthenticationTokenFilter@190d6f0a, com.hp.blogserver.security.filter.LoginAuthenticationFilter@4e238909, org.springframework.security.web.savedrequest.RequestCacheAwareFilter@24f4a3b, org.springframework.security.web.servletapi.SecurityContextHolderAwareRequestFilter@20932795, org.springframework.security.web.authentication.AnonymousAuthenticationFilter@2b290cc, org.springframework.security.web.access.ExceptionTranslationFilter@b653374, org.springframework.security.web.access.intercept.AuthorizationFilter@309cfcae]
2023-11-13 22:45:44.539 [restartedMain] INFO  o.s.b.d.autoconfigure.OptionalLiveReloadServer - LiveReload server is running on port 35729
2023-11-13 22:45:44.552 [restartedMain] INFO  org.apache.coyote.http11.Http11NioProtocol - Starting ProtocolHandler ["http-nio-8080"]
2023-11-13 22:45:44.553 [restartedMain] INFO  o.s.boot.web.embedded.tomcat.TomcatWebServer - Tomcat started on port(s): 8080 (http) with context path ''
2023-11-13 22:45:44.559 [restartedMain] INFO  com.hp.blogserver.BlogServerApplication - Started BlogServerApplication in 0.952 seconds (process running for 82.368)
2023-11-13 22:45:44.560 [restartedMain] INFO  o.s.b.d.a.ConditionEvaluationDeltaLoggingListener - Condition evaluation unchanged
2023-11-13 22:45:47.607 [http-nio-8080-exec-1] INFO  o.a.c.core.ContainerBase.[Tomcat].[localhost].[/] - Initializing Spring DispatcherServlet 'dispatcherServlet'
2023-11-13 22:45:47.607 [http-nio-8080-exec-1] INFO  org.springframework.web.servlet.DispatcherServlet - Initializing Servlet 'dispatcherServlet'
2023-11-13 22:45:47.608 [http-nio-8080-exec-1] INFO  org.springframework.web.servlet.DispatcherServlet - Completed initialization in 1 ms
2023-11-13 22:45:47.624 [http-nio-8080-exec-1] INFO  com.zaxxer.hikari.HikariDataSource - HikariPool-2 - Starting...
2023-11-13 22:45:47.721 [http-nio-8080-exec-1] INFO  com.zaxxer.hikari.pool.HikariPool - HikariPool-2 - Added connection com.mysql.cj.jdbc.ConnectionImpl@1b21cc7f
2023-11-13 22:45:47.721 [http-nio-8080-exec-1] INFO  com.zaxxer.hikari.HikariDataSource - HikariPool-2 - Start completed.
