2023-11-13 22:37:31.052 [File Watcher] INFO  o.s.b.d.a.LocalDevToolsAutoConfiguration$RestartingClassPathChangeChangedEventListener - Restarting due to 1 class path change (0 additions, 1 deletion, 0 modifications)
2023-11-13 22:37:31.065 [Thread-44] INFO  org.apache.coyote.http11.Http11NioProtocol - Pausing ProtocolHandler ["http-nio-8080"]
2023-11-13 22:37:31.065 [Thread-44] INFO  org.apache.catalina.core.StandardService - Stopping service [Tomcat]
2023-11-13 22:37:31.066 [Thread-44] INFO  o.a.c.c.ContainerBase.[Tomcat-3].[localhost].[/] - Destroying Spring FrameworkServlet 'dispatcherServlet'
2023-11-13 22:37:31.068 [Thread-44] INFO  org.apache.coyote.http11.Http11NioProtocol - Stopping ProtocolHandler ["http-nio-8080"]
2023-11-13 22:37:31.069 [Thread-44] INFO  org.apache.coyote.http11.Http11NioProtocol - Destroying ProtocolHandler ["http-nio-8080"]
2023-11-13 22:37:31.070 [Thread-44] INFO  com.zaxxer.hikari.HikariDataSource - HikariPool-6 - Shutdown initiated...
2023-11-13 22:37:31.164 [Thread-44] INFO  com.zaxxer.hikari.HikariDataSource - HikariPool-6 - Shutdown completed.
2023-11-13 22:37:31.231 [restartedMain] INFO  com.hp.blogserver.BlogServerApplication - Starting BlogServerApplication using Java 17.0.9 with PID 29660 (C:\Users\20126\Desktop\blog\blog-server\target\classes started by 20126 in C:\Users\20126\Desktop\blog\blog-server)
2023-11-13 22:37:31.231 [restartedMain] INFO  com.hp.blogserver.BlogServerApplication - The following 1 profile is active: "dev"
2023-11-13 22:37:31.476 [restartedMain] INFO  o.s.boot.web.embedded.tomcat.TomcatWebServer - Tomcat initialized with port(s): 8080 (http)
2023-11-13 22:37:31.476 [restartedMain] INFO  org.apache.coyote.http11.Http11NioProtocol - Initializing ProtocolHandler ["http-nio-8080"]
2023-11-13 22:37:31.476 [restartedMain] INFO  org.apache.catalina.core.StandardService - Starting service [Tomcat]
2023-11-13 22:37:31.476 [restartedMain] INFO  org.apache.catalina.core.StandardEngine - Starting Servlet engine: [Apache Tomcat/10.1.11]
2023-11-13 22:37:31.490 [restartedMain] INFO  o.a.c.c.ContainerBase.[Tomcat-3].[localhost].[/] - Initializing Spring embedded WebApplicationContext
2023-11-13 22:37:31.490 [restartedMain] INFO  o.s.b.w.s.c.ServletWebServerApplicationContext - Root WebApplicationContext: initialization completed in 258 ms
2023-11-13 22:37:32.068 [restartedMain] INFO  o.s.b.actuate.endpoint.web.EndpointLinksResolver - Exposing 1 endpoint(s) beneath base path '/actuator'
2023-11-13 22:37:32.079 [restartedMain] INFO  o.s.security.web.DefaultSecurityFilterChain - Will secure any request with [org.springframework.security.web.session.DisableEncodeUrlFilter@63cec655, org.springframework.security.web.context.request.async.WebAsyncManagerIntegrationFilter@759ad84b, org.springframework.security.web.context.SecurityContextHolderFilter@2ccc161a, org.springframework.security.web.header.HeaderWriterFilter@40a494ad, org.springframework.security.web.authentication.logout.LogoutFilter@903e837, com.hp.blogserver.security.filter.JwtAuthenticationTokenFilter@31f5e07, com.hp.blogserver.security.filter.LoginAuthenticationFilter@3fc60972, org.springframework.security.web.savedrequest.RequestCacheAwareFilter@22d07b28, org.springframework.security.web.servletapi.SecurityContextHolderAwareRequestFilter@21d6b326, org.springframework.security.web.authentication.AnonymousAuthenticationFilter@2a2f8cb1, org.springframework.security.web.access.ExceptionTranslationFilter@6e8da11d, org.springframework.security.web.access.intercept.AuthorizationFilter@3cf002b4]
2023-11-13 22:37:32.161 [restartedMain] INFO  o.s.b.d.autoconfigure.OptionalLiveReloadServer - LiveReload server is running on port 35729
2023-11-13 22:37:32.172 [restartedMain] INFO  org.apache.coyote.http11.Http11NioProtocol - Starting ProtocolHandler ["http-nio-8080"]
2023-11-13 22:37:32.173 [restartedMain] INFO  o.s.boot.web.embedded.tomcat.TomcatWebServer - Tomcat started on port(s): 8080 (http) with context path ''
2023-11-13 22:37:32.179 [restartedMain] INFO  com.hp.blogserver.BlogServerApplication - Started BlogServerApplication in 0.966 seconds (process running for 1233.512)
2023-11-13 22:37:32.180 [restartedMain] INFO  o.s.b.d.a.ConditionEvaluationDeltaLoggingListener - Condition evaluation unchanged
2023-11-13 22:37:33.606 [File Watcher] INFO  o.s.b.d.a.LocalDevToolsAutoConfiguration$RestartingClassPathChangeChangedEventListener - Restarting due to 1 class path change (1 addition, 0 deletions, 0 modifications)
2023-11-13 22:37:33.617 [Thread-48] INFO  org.apache.coyote.http11.Http11NioProtocol - Pausing ProtocolHandler ["http-nio-8080"]
2023-11-13 22:37:33.618 [Thread-48] INFO  org.apache.catalina.core.StandardService - Stopping service [Tomcat]
2023-11-13 22:37:33.619 [Thread-48] INFO  org.apache.coyote.http11.Http11NioProtocol - Stopping ProtocolHandler ["http-nio-8080"]
2023-11-13 22:37:33.621 [Thread-48] INFO  org.apache.coyote.http11.Http11NioProtocol - Destroying ProtocolHandler ["http-nio-8080"]
2023-11-13 22:37:33.691 [restartedMain] INFO  com.hp.blogserver.BlogServerApplication - Starting BlogServerApplication using Java 17.0.9 with PID 29660 (C:\Users\20126\Desktop\blog\blog-server\target\classes started by 20126 in C:\Users\20126\Desktop\blog\blog-server)
2023-11-13 22:37:33.691 [restartedMain] INFO  com.hp.blogserver.BlogServerApplication - The following 1 profile is active: "dev"
2023-11-13 22:37:33.960 [restartedMain] INFO  o.s.boot.web.embedded.tomcat.TomcatWebServer - Tomcat initialized with port(s): 8080 (http)
2023-11-13 22:37:33.961 [restartedMain] INFO  org.apache.coyote.http11.Http11NioProtocol - Initializing ProtocolHandler ["http-nio-8080"]
2023-11-13 22:37:33.961 [restartedMain] INFO  org.apache.catalina.core.StandardService - Starting service [Tomcat]
2023-11-13 22:37:33.961 [restartedMain] INFO  org.apache.catalina.core.StandardEngine - Starting Servlet engine: [Apache Tomcat/10.1.11]
2023-11-13 22:37:33.975 [restartedMain] INFO  o.a.c.c.ContainerBase.[Tomcat-3].[localhost].[/] - Initializing Spring embedded WebApplicationContext
2023-11-13 22:37:33.975 [restartedMain] INFO  o.s.b.w.s.c.ServletWebServerApplicationContext - Root WebApplicationContext: initialization completed in 283 ms
2023-11-13 22:37:34.572 [restartedMain] INFO  o.s.b.actuate.endpoint.web.EndpointLinksResolver - Exposing 1 endpoint(s) beneath base path '/actuator'
2023-11-13 22:37:34.583 [restartedMain] INFO  o.s.security.web.DefaultSecurityFilterChain - Will secure any request with [org.springframework.security.web.session.DisableEncodeUrlFilter@2ccda1bc, org.springframework.security.web.context.request.async.WebAsyncManagerIntegrationFilter@7e338be1, org.springframework.security.web.context.SecurityContextHolderFilter@71c6d990, org.springframework.security.web.header.HeaderWriterFilter@7bb6db9b, org.springframework.security.web.authentication.logout.LogoutFilter@43f23bc7, com.hp.blogserver.security.filter.JwtAuthenticationTokenFilter@696ddfa0, com.hp.blogserver.security.filter.LoginAuthenticationFilter@753f1c71, org.springframework.security.web.savedrequest.RequestCacheAwareFilter@5be85357, org.springframework.security.web.servletapi.SecurityContextHolderAwareRequestFilter@49980832, org.springframework.security.web.authentication.AnonymousAuthenticationFilter@34be832b, org.springframework.security.web.access.ExceptionTranslationFilter@973622a, org.springframework.security.web.access.intercept.AuthorizationFilter@53c9e0fc]
2023-11-13 22:37:34.673 [restartedMain] INFO  o.s.b.d.autoconfigure.OptionalLiveReloadServer - LiveReload server is running on port 35729
2023-11-13 22:37:34.686 [restartedMain] INFO  org.apache.coyote.http11.Http11NioProtocol - Starting ProtocolHandler ["http-nio-8080"]
2023-11-13 22:37:34.688 [restartedMain] INFO  o.s.boot.web.embedded.tomcat.TomcatWebServer - Tomcat started on port(s): 8080 (http) with context path ''
2023-11-13 22:37:34.694 [restartedMain] INFO  com.hp.blogserver.BlogServerApplication - Started BlogServerApplication in 1.023 seconds (process running for 1236.026)
2023-11-13 22:37:34.696 [restartedMain] INFO  o.s.b.d.a.ConditionEvaluationDeltaLoggingListener - Condition evaluation unchanged
2023-11-13 22:37:39.954 [http-nio-8080-exec-1] INFO  o.a.c.c.ContainerBase.[Tomcat-3].[localhost].[/] - Initializing Spring DispatcherServlet 'dispatcherServlet'
2023-11-13 22:37:39.954 [http-nio-8080-exec-1] INFO  org.springframework.web.servlet.DispatcherServlet - Initializing Servlet 'dispatcherServlet'
2023-11-13 22:37:39.956 [http-nio-8080-exec-1] INFO  org.springframework.web.servlet.DispatcherServlet - Completed initialization in 2 ms
