2023-11-13 22:43:50.944 [File Watcher] INFO  o.s.b.d.a.LocalDevToolsAutoConfiguration$RestartingClassPathChangeChangedEventListener - Restarting due to 1 class path change (0 additions, 1 deletion, 0 modifications)
2023-11-13 22:43:50.957 [Thread-56] INFO  org.apache.coyote.http11.Http11NioProtocol - Pausing ProtocolHandler ["http-nio-8080"]
2023-11-13 22:43:50.957 [Thread-56] INFO  org.apache.catalina.core.StandardService - Stopping service [Tomcat]
2023-11-13 22:43:50.957 [Thread-56] INFO  o.a.c.c.ContainerBase.[Tomcat-4].[localhost].[/] - Destroying Spring FrameworkServlet 'dispatcherServlet'
2023-11-13 22:43:50.960 [Thread-56] INFO  org.apache.coyote.http11.Http11NioProtocol - Stopping ProtocolHandler ["http-nio-8080"]
2023-11-13 22:43:50.961 [Thread-56] INFO  org.apache.coyote.http11.Http11NioProtocol - Destroying ProtocolHandler ["http-nio-8080"]
2023-11-13 22:43:50.963 [Thread-56] INFO  com.zaxxer.hikari.HikariDataSource - HikariPool-7 - Shutdown initiated...
2023-11-13 22:43:51.033 [Thread-56] INFO  com.zaxxer.hikari.HikariDataSource - HikariPool-7 - Shutdown completed.
2023-11-13 22:43:51.107 [restartedMain] INFO  com.hp.blogserver.BlogServerApplication - Starting BlogServerApplication using Java 17.0.9 with PID 29660 (C:\Users\20126\Desktop\blog\blog-server\target\classes started by 20126 in C:\Users\20126\Desktop\blog\blog-server)
2023-11-13 22:43:51.107 [restartedMain] INFO  com.hp.blogserver.BlogServerApplication - The following 1 profile is active: "dev"
2023-11-13 22:43:51.392 [restartedMain] INFO  o.s.boot.web.embedded.tomcat.TomcatWebServer - Tomcat initialized with port(s): 8080 (http)
2023-11-13 22:43:51.392 [restartedMain] INFO  org.apache.coyote.http11.Http11NioProtocol - Initializing ProtocolHandler ["http-nio-8080"]
2023-11-13 22:43:51.392 [restartedMain] INFO  org.apache.catalina.core.StandardService - Starting service [Tomcat]
2023-11-13 22:43:51.392 [restartedMain] INFO  org.apache.catalina.core.StandardEngine - Starting Servlet engine: [Apache Tomcat/10.1.11]
2023-11-13 22:43:51.407 [restartedMain] INFO  o.a.c.c.ContainerBase.[Tomcat-4].[localhost].[/] - Initializing Spring embedded WebApplicationContext
2023-11-13 22:43:51.407 [restartedMain] INFO  o.s.b.w.s.c.ServletWebServerApplicationContext - Root WebApplicationContext: initialization completed in 299 ms
2023-11-13 22:43:52.015 [restartedMain] INFO  o.s.b.actuate.endpoint.web.EndpointLinksResolver - Exposing 1 endpoint(s) beneath base path '/actuator'
2023-11-13 22:43:52.030 [restartedMain] INFO  o.s.security.web.DefaultSecurityFilterChain - Will secure any request with [org.springframework.security.web.session.DisableEncodeUrlFilter@7005d5c5, org.springframework.security.web.context.request.async.WebAsyncManagerIntegrationFilter@1d8a1d81, org.springframework.security.web.context.SecurityContextHolderFilter@fe4898f, org.springframework.security.web.header.HeaderWriterFilter@323c1d15, org.springframework.security.web.authentication.logout.LogoutFilter@4045a4e0, com.hp.blogserver.security.filter.JwtAuthenticationTokenFilter@3ac9bc34, com.hp.blogserver.security.filter.LoginAuthenticationFilter@5430fddc, org.springframework.security.web.savedrequest.RequestCacheAwareFilter@60062882, org.springframework.security.web.servletapi.SecurityContextHolderAwareRequestFilter@39c0966e, org.springframework.security.web.authentication.AnonymousAuthenticationFilter@ac5b162, org.springframework.security.web.access.ExceptionTranslationFilter@70b53551, org.springframework.security.web.access.intercept.AuthorizationFilter@2c9851e0]
2023-11-13 22:43:52.159 [restartedMain] INFO  o.s.b.d.autoconfigure.OptionalLiveReloadServer - LiveReload server is running on port 35729
2023-11-13 22:43:52.174 [restartedMain] INFO  org.apache.coyote.http11.Http11NioProtocol - Starting ProtocolHandler ["http-nio-8080"]
2023-11-13 22:43:52.175 [restartedMain] INFO  o.s.boot.web.embedded.tomcat.TomcatWebServer - Tomcat started on port(s): 8080 (http) with context path ''
2023-11-13 22:43:52.182 [restartedMain] INFO  com.hp.blogserver.BlogServerApplication - Started BlogServerApplication in 1.095 seconds (process running for 1613.513)
2023-11-13 22:43:52.183 [restartedMain] INFO  o.s.b.d.a.ConditionEvaluationDeltaLoggingListener - Condition evaluation unchanged
2023-11-13 22:43:53.139 [http-nio-8080-exec-1] INFO  o.a.c.c.ContainerBase.[Tomcat-4].[localhost].[/] - Initializing Spring DispatcherServlet 'dispatcherServlet'
2023-11-13 22:43:53.140 [http-nio-8080-exec-1] INFO  org.springframework.web.servlet.DispatcherServlet - Initializing Servlet 'dispatcherServlet'
2023-11-13 22:43:53.141 [http-nio-8080-exec-1] INFO  org.springframework.web.servlet.DispatcherServlet - Completed initialization in 1 ms
