2023-11-13 22:34:23.662 [File Watcher] INFO  o.s.b.d.a.LocalDevToolsAutoConfiguration$RestartingClassPathChangeChangedEventListener - Restarting due to 2 class path changes (0 additions, 2 deletions, 0 modifications)
2023-11-13 22:34:23.675 [Thread-30] INFO  org.apache.coyote.http11.Http11NioProtocol - Pausing ProtocolHandler ["http-nio-8080"]
2023-11-13 22:34:23.676 [Thread-30] INFO  org.apache.catalina.core.StandardService - Stopping service [Tomcat]
2023-11-13 22:34:23.676 [Thread-30] INFO  o.a.c.c.ContainerBase.[Tomcat-2].[localhost].[/] - Destroying Spring FrameworkServlet 'dispatcherServlet'
2023-11-13 22:34:23.679 [Thread-30] INFO  org.apache.coyote.http11.Http11NioProtocol - Stopping ProtocolHandler ["http-nio-8080"]
2023-11-13 22:34:23.680 [Thread-30] INFO  org.apache.coyote.http11.Http11NioProtocol - Destroying ProtocolHandler ["http-nio-8080"]
2023-11-13 22:34:23.682 [Thread-30] INFO  com.zaxxer.hikari.HikariDataSource - HikariPool-5 - Shutdown initiated...
2023-11-13 22:34:23.753 [Thread-30] INFO  com.zaxxer.hikari.HikariDataSource - HikariPool-5 - Shutdown completed.
2023-11-13 22:34:23.823 [restartedMain] INFO  com.hp.blogserver.BlogServerApplication - Starting BlogServerApplication using Java 17.0.9 with PID 29660 (C:\Users\20126\Desktop\blog\blog-server\target\classes started by 20126 in C:\Users\20126\Desktop\blog\blog-server)
2023-11-13 22:34:23.824 [restartedMain] INFO  com.hp.blogserver.BlogServerApplication - The following 1 profile is active: "dev"
2023-11-13 22:34:24.209 [restartedMain] INFO  o.s.boot.web.embedded.tomcat.TomcatWebServer - Tomcat initialized with port(s): 8080 (http)
2023-11-13 22:34:24.210 [restartedMain] INFO  org.apache.coyote.http11.Http11NioProtocol - Initializing ProtocolHandler ["http-nio-8080"]
2023-11-13 22:34:24.210 [restartedMain] INFO  org.apache.catalina.core.StandardService - Starting service [Tomcat]
2023-11-13 22:34:24.210 [restartedMain] INFO  org.apache.catalina.core.StandardEngine - Starting Servlet engine: [Apache Tomcat/10.1.11]
2023-11-13 22:34:24.231 [restartedMain] INFO  o.a.c.c.ContainerBase.[Tomcat-2].[localhost].[/] - Initializing Spring embedded WebApplicationContext
2023-11-13 22:34:24.231 [restartedMain] INFO  o.s.b.w.s.c.ServletWebServerApplicationContext - Root WebApplicationContext: initialization completed in 406 ms
2023-11-13 22:34:24.391 [restartedMain] INFO  org.apache.catalina.core.StandardService - Stopping service [Tomcat]
2023-11-13 22:34:24.398 [restartedMain] INFO  o.s.b.a.logging.ConditionEvaluationReportLogger - 

Error starting ApplicationContext. To display the condition evaluation report re-run your application with 'debug' enabled.
2023-11-13 22:34:25.879 [restartedMain] INFO  com.hp.blogserver.BlogServerApplication - Starting BlogServerApplication using Java 17.0.9 with PID 29660 (C:\Users\20126\Desktop\blog\blog-server\target\classes started by 20126 in C:\Users\20126\Desktop\blog\blog-server)
2023-11-13 22:34:25.880 [restartedMain] INFO  com.hp.blogserver.BlogServerApplication - The following 1 profile is active: "dev"
2023-11-13 22:34:26.108 [restartedMain] INFO  o.s.boot.web.embedded.tomcat.TomcatWebServer - Tomcat initialized with port(s): 8080 (http)
2023-11-13 22:34:26.108 [restartedMain] INFO  org.apache.coyote.http11.Http11NioProtocol - Initializing ProtocolHandler ["http-nio-8080"]
2023-11-13 22:34:26.109 [restartedMain] INFO  org.apache.catalina.core.StandardService - Starting service [Tomcat]
2023-11-13 22:34:26.109 [restartedMain] INFO  org.apache.catalina.core.StandardEngine - Starting Servlet engine: [Apache Tomcat/10.1.11]
2023-11-13 22:34:26.121 [restartedMain] INFO  o.a.c.c.ContainerBase.[Tomcat-3].[localhost].[/] - Initializing Spring embedded WebApplicationContext
2023-11-13 22:34:26.121 [restartedMain] INFO  o.s.b.w.s.c.ServletWebServerApplicationContext - Root WebApplicationContext: initialization completed in 240 ms
2023-11-13 22:34:26.786 [restartedMain] INFO  o.s.b.actuate.endpoint.web.EndpointLinksResolver - Exposing 1 endpoint(s) beneath base path '/actuator'
2023-11-13 22:34:26.799 [restartedMain] INFO  o.s.security.web.DefaultSecurityFilterChain - Will secure any request with [org.springframework.security.web.session.DisableEncodeUrlFilter@51920fdf, org.springframework.security.web.context.request.async.WebAsyncManagerIntegrationFilter@77ec2054, org.springframework.security.web.context.SecurityContextHolderFilter@759dd343, org.springframework.security.web.header.HeaderWriterFilter@24876e91, org.springframework.security.web.authentication.logout.LogoutFilter@14b65dc4, com.hp.blogserver.security.filter.JwtAuthenticationTokenFilter@c33996e, com.hp.blogserver.security.filter.LoginAuthenticationFilter@35a35863, org.springframework.security.web.savedrequest.RequestCacheAwareFilter@3be02acc, org.springframework.security.web.servletapi.SecurityContextHolderAwareRequestFilter@104697d6, org.springframework.security.web.authentication.AnonymousAuthenticationFilter@748e45ff, org.springframework.security.web.access.ExceptionTranslationFilter@32f33fd1, org.springframework.security.web.access.intercept.AuthorizationFilter@a6679e2]
2023-11-13 22:34:26.906 [restartedMain] INFO  o.s.b.d.autoconfigure.OptionalLiveReloadServer - LiveReload server is running on port 35729
2023-11-13 22:34:26.918 [restartedMain] INFO  org.apache.coyote.http11.Http11NioProtocol - Starting ProtocolHandler ["http-nio-8080"]
2023-11-13 22:34:26.920 [restartedMain] INFO  o.s.boot.web.embedded.tomcat.TomcatWebServer - Tomcat started on port(s): 8080 (http) with context path ''
2023-11-13 22:34:26.926 [restartedMain] INFO  com.hp.blogserver.BlogServerApplication - Started BlogServerApplication in 1.067 seconds (process running for 1048.258)
2023-11-13 22:34:26.928 [restartedMain] INFO  o.s.b.d.a.ConditionEvaluationDeltaLoggingListener - Condition evaluation unchanged
2023-11-13 22:34:28.188 [http-nio-8080-exec-1] INFO  o.a.c.c.ContainerBase.[Tomcat-3].[localhost].[/] - Initializing Spring DispatcherServlet 'dispatcherServlet'
2023-11-13 22:34:28.188 [http-nio-8080-exec-1] INFO  org.springframework.web.servlet.DispatcherServlet - Initializing Servlet 'dispatcherServlet'
2023-11-13 22:34:28.190 [http-nio-8080-exec-1] INFO  org.springframework.web.servlet.DispatcherServlet - Completed initialization in 2 ms
