2023-11-12 22:43:07.265 [background-preinit] INFO  org.hibernate.validator.internal.util.Version - HV000001: Hibernate Validator 8.0.1.Final
2023-11-12 22:43:07.290 [restartedMain] INFO  com.hp.blogserver.BlogServerApplication - Starting BlogServerApplication using Java 17.0.9 with PID 32636 (C:\Users\20126\Desktop\blog\blog-server\target\classes started by 20126 in C:\Users\20126\Desktop\blog\blog-server)
2023-11-12 22:43:07.291 [restartedMain] INFO  com.hp.blogserver.BlogServerApplication - The following 1 profile is active: "dev"
2023-11-12 22:43:07.321 [restartedMain] INFO  o.s.boot.devtools.restart.ChangeableUrls - The Class-Path manifest attribute in C:\Users\20126\.m2\repository\xalan\xalan\2.7.2\xalan-2.7.2.jar referenced one or more files that do not exist: file:/C:/Users/20126/.m2/repository/xalan/xalan/2.7.2/xercesImpl.jar,file:/C:/Users/20126/.m2/repository/xalan/xalan/2.7.2/xml-apis.jar,file:/C:/Users/20126/.m2/repository/xalan/xalan/2.7.2/serializer.jar
2023-11-12 22:43:07.321 [restartedMain] INFO  o.s.boot.devtools.restart.ChangeableUrls - The Class-Path manifest attribute in C:\Users\20126\.m2\repository\xalan\serializer\2.7.2\serializer-2.7.2.jar referenced one or more files that do not exist: file:/C:/Users/20126/.m2/repository/xalan/serializer/2.7.2/xml-apis.jar
2023-11-12 22:43:07.321 [restartedMain] INFO  o.s.b.d.env.DevToolsPropertyDefaultsPostProcessor - Devtools property defaults active! Set 'spring.devtools.add-properties' to 'false' to disable
2023-11-12 22:43:07.322 [restartedMain] INFO  o.s.b.d.env.DevToolsPropertyDefaultsPostProcessor - For additional web related logging consider setting the 'logging.level.web' property to 'DEBUG'
2023-11-12 22:43:08.424 [restartedMain] INFO  o.s.boot.web.embedded.tomcat.TomcatWebServer - Tomcat initialized with port(s): 8080 (http)
2023-11-12 22:43:08.429 [restartedMain] INFO  org.apache.coyote.http11.Http11NioProtocol - Initializing ProtocolHandler ["http-nio-8080"]
2023-11-12 22:43:08.430 [restartedMain] INFO  org.apache.catalina.core.StandardService - Starting service [Tomcat]
2023-11-12 22:43:08.431 [restartedMain] INFO  org.apache.catalina.core.StandardEngine - Starting Servlet engine: [Apache Tomcat/10.1.11]
2023-11-12 22:43:08.479 [restartedMain] INFO  o.a.c.core.ContainerBase.[Tomcat].[localhost].[/] - Initializing Spring embedded WebApplicationContext
2023-11-12 22:43:08.479 [restartedMain] INFO  o.s.b.w.s.c.ServletWebServerApplicationContext - Root WebApplicationContext: initialization completed in 1157 ms
2023-11-12 22:43:09.732 [restartedMain] INFO  o.s.b.actuate.endpoint.web.EndpointLinksResolver - Exposing 1 endpoint(s) beneath base path '/actuator'
2023-11-12 22:43:09.765 [restartedMain] INFO  o.s.security.web.DefaultSecurityFilterChain - Will secure any request with [org.springframework.security.web.session.DisableEncodeUrlFilter@23947ff5, org.springframework.security.web.context.request.async.WebAsyncManagerIntegrationFilter@41830479, org.springframework.security.web.context.SecurityContextHolderFilter@65fdf534, org.springframework.security.web.header.HeaderWriterFilter@7bd45f72, org.springframework.security.web.authentication.logout.LogoutFilter@70981abb, com.hp.blogserver.security.filter.JwtAuthenticationTokenFilter@7a43e0fa, com.hp.blogserver.security.filter.LoginAuthenticationFilter@11fb1f56, org.springframework.security.web.savedrequest.RequestCacheAwareFilter@27c1745f, org.springframework.security.web.servletapi.SecurityContextHolderAwareRequestFilter@2e5c2d97, org.springframework.security.web.authentication.AnonymousAuthenticationFilter@1110b14b, org.springframework.security.web.access.ExceptionTranslationFilter@6a383f91, org.springframework.security.web.access.intercept.AuthorizationFilter@a4637a4]
2023-11-12 22:43:09.994 [restartedMain] INFO  o.s.b.d.autoconfigure.OptionalLiveReloadServer - LiveReload server is running on port 35729
2023-11-12 22:43:10.025 [restartedMain] INFO  org.apache.coyote.http11.Http11NioProtocol - Starting ProtocolHandler ["http-nio-8080"]
2023-11-12 22:43:10.037 [restartedMain] INFO  o.s.boot.web.embedded.tomcat.TomcatWebServer - Tomcat started on port(s): 8080 (http) with context path ''
2023-11-12 22:43:10.048 [restartedMain] INFO  com.hp.blogserver.BlogServerApplication - Started BlogServerApplication in 3.088 seconds (process running for 3.621)
2023-11-12 23:03:45.278 [File Watcher] INFO  o.s.b.d.a.LocalDevToolsAutoConfiguration$RestartingClassPathChangeChangedEventListener - Restarting due to 1 class path change (0 additions, 0 deletions, 1 modification)
2023-11-12 23:03:45.303 [Thread-5] INFO  org.apache.coyote.http11.Http11NioProtocol - Pausing ProtocolHandler ["http-nio-8080"]
2023-11-12 23:03:45.303 [Thread-5] INFO  org.apache.catalina.core.StandardService - Stopping service [Tomcat]
2023-11-12 23:03:45.309 [Thread-5] INFO  org.apache.coyote.http11.Http11NioProtocol - Stopping ProtocolHandler ["http-nio-8080"]
2023-11-12 23:03:45.311 [Thread-5] INFO  org.apache.coyote.http11.Http11NioProtocol - Destroying ProtocolHandler ["http-nio-8080"]
2023-11-12 23:03:45.414 [restartedMain] INFO  com.hp.blogserver.BlogServerApplication - Starting BlogServerApplication using Java 17.0.9 with PID 32636 (C:\Users\20126\Desktop\blog\blog-server\target\classes started by 20126 in C:\Users\20126\Desktop\blog\blog-server)
2023-11-12 23:03:45.414 [restartedMain] INFO  com.hp.blogserver.BlogServerApplication - The following 1 profile is active: "dev"
2023-11-12 23:03:45.715 [restartedMain] INFO  o.s.boot.web.embedded.tomcat.TomcatWebServer - Tomcat initialized with port(s): 8080 (http)
2023-11-12 23:03:45.715 [restartedMain] INFO  org.apache.coyote.http11.Http11NioProtocol - Initializing ProtocolHandler ["http-nio-8080"]
2023-11-12 23:03:45.715 [restartedMain] INFO  org.apache.catalina.core.StandardService - Starting service [Tomcat]
2023-11-12 23:03:45.715 [restartedMain] INFO  org.apache.catalina.core.StandardEngine - Starting Servlet engine: [Apache Tomcat/10.1.11]
2023-11-12 23:03:45.728 [restartedMain] INFO  o.a.c.core.ContainerBase.[Tomcat].[localhost].[/] - Initializing Spring embedded WebApplicationContext
2023-11-12 23:03:45.728 [restartedMain] INFO  o.s.b.w.s.c.ServletWebServerApplicationContext - Root WebApplicationContext: initialization completed in 313 ms
2023-11-12 23:03:46.333 [restartedMain] INFO  o.s.b.actuate.endpoint.web.EndpointLinksResolver - Exposing 1 endpoint(s) beneath base path '/actuator'
2023-11-12 23:03:46.345 [restartedMain] INFO  o.s.security.web.DefaultSecurityFilterChain - Will secure any request with [org.springframework.security.web.session.DisableEncodeUrlFilter@a503556, org.springframework.security.web.context.request.async.WebAsyncManagerIntegrationFilter@6bb1468e, org.springframework.security.web.context.SecurityContextHolderFilter@3234c2ec, org.springframework.security.web.header.HeaderWriterFilter@539cce97, org.springframework.security.web.authentication.logout.LogoutFilter@5a9772e0, com.hp.blogserver.security.filter.JwtAuthenticationTokenFilter@78c751a8, com.hp.blogserver.security.filter.LoginAuthenticationFilter@689e2be7, org.springframework.security.web.savedrequest.RequestCacheAwareFilter@15c380a5, org.springframework.security.web.servletapi.SecurityContextHolderAwareRequestFilter@7bfd7be4, org.springframework.security.web.authentication.AnonymousAuthenticationFilter@63ef5927, org.springframework.security.web.access.ExceptionTranslationFilter@1b9ea9d0, org.springframework.security.web.access.intercept.AuthorizationFilter@436a646b]
2023-11-12 23:03:46.436 [restartedMain] INFO  o.s.b.d.autoconfigure.OptionalLiveReloadServer - LiveReload server is running on port 35729
2023-11-12 23:03:46.449 [restartedMain] INFO  org.apache.coyote.http11.Http11NioProtocol - Starting ProtocolHandler ["http-nio-8080"]
2023-11-12 23:03:46.451 [restartedMain] INFO  o.s.boot.web.embedded.tomcat.TomcatWebServer - Tomcat started on port(s): 8080 (http) with context path ''
2023-11-12 23:03:46.456 [restartedMain] INFO  com.hp.blogserver.BlogServerApplication - Started BlogServerApplication in 1.078 seconds (process running for 1240.031)
2023-11-12 23:03:46.458 [restartedMain] INFO  o.s.b.d.a.ConditionEvaluationDeltaLoggingListener - Condition evaluation unchanged
2023-11-12 23:08:34.933 [File Watcher] INFO  o.s.b.d.a.LocalDevToolsAutoConfiguration$RestartingClassPathChangeChangedEventListener - Restarting due to 1 class path change (0 additions, 0 deletions, 1 modification)
2023-11-12 23:08:34.944 [Thread-7] INFO  org.apache.coyote.http11.Http11NioProtocol - Pausing ProtocolHandler ["http-nio-8080"]
2023-11-12 23:08:34.944 [Thread-7] INFO  org.apache.catalina.core.StandardService - Stopping service [Tomcat]
2023-11-12 23:08:34.946 [Thread-7] INFO  org.apache.coyote.http11.Http11NioProtocol - Stopping ProtocolHandler ["http-nio-8080"]
2023-11-12 23:08:34.947 [Thread-7] INFO  org.apache.coyote.http11.Http11NioProtocol - Destroying ProtocolHandler ["http-nio-8080"]
2023-11-12 23:08:35.017 [restartedMain] INFO  com.hp.blogserver.BlogServerApplication - Starting BlogServerApplication using Java 17.0.9 with PID 32636 (C:\Users\20126\Desktop\blog\blog-server\target\classes started by 20126 in C:\Users\20126\Desktop\blog\blog-server)
2023-11-12 23:08:35.017 [restartedMain] INFO  com.hp.blogserver.BlogServerApplication - The following 1 profile is active: "dev"
2023-11-12 23:08:35.313 [restartedMain] INFO  o.s.boot.web.embedded.tomcat.TomcatWebServer - Tomcat initialized with port(s): 8080 (http)
2023-11-12 23:08:35.313 [restartedMain] INFO  org.apache.coyote.http11.Http11NioProtocol - Initializing ProtocolHandler ["http-nio-8080"]
2023-11-12 23:08:35.314 [restartedMain] INFO  org.apache.catalina.core.StandardService - Starting service [Tomcat]
2023-11-12 23:08:35.314 [restartedMain] INFO  org.apache.catalina.core.StandardEngine - Starting Servlet engine: [Apache Tomcat/10.1.11]
2023-11-12 23:08:35.330 [restartedMain] INFO  o.a.c.core.ContainerBase.[Tomcat].[localhost].[/] - Initializing Spring embedded WebApplicationContext
2023-11-12 23:08:35.330 [restartedMain] INFO  o.s.b.w.s.c.ServletWebServerApplicationContext - Root WebApplicationContext: initialization completed in 312 ms
2023-11-12 23:08:35.891 [restartedMain] INFO  o.s.b.actuate.endpoint.web.EndpointLinksResolver - Exposing 1 endpoint(s) beneath base path '/actuator'
2023-11-12 23:08:35.904 [restartedMain] INFO  o.s.security.web.DefaultSecurityFilterChain - Will secure any request with [org.springframework.security.web.session.DisableEncodeUrlFilter@368c5aac, org.springframework.security.web.context.request.async.WebAsyncManagerIntegrationFilter@7c59ed5d, org.springframework.security.web.context.SecurityContextHolderFilter@5d1d6e74, org.springframework.security.web.header.HeaderWriterFilter@808cf8d, org.springframework.security.web.authentication.logout.LogoutFilter@34efce1e, com.hp.blogserver.security.filter.JwtAuthenticationTokenFilter@bc80761, com.hp.blogserver.security.filter.LoginAuthenticationFilter@2fb35cd3, org.springframework.security.web.savedrequest.RequestCacheAwareFilter@192065d2, org.springframework.security.web.servletapi.SecurityContextHolderAwareRequestFilter@4c0da459, org.springframework.security.web.authentication.AnonymousAuthenticationFilter@7b3e3ab3, org.springframework.security.web.access.ExceptionTranslationFilter@11688205, org.springframework.security.web.access.intercept.AuthorizationFilter@ff5655e]
2023-11-12 23:08:36.005 [restartedMain] INFO  o.s.b.d.autoconfigure.OptionalLiveReloadServer - LiveReload server is running on port 35729
2023-11-12 23:08:36.018 [restartedMain] INFO  org.apache.coyote.http11.Http11NioProtocol - Starting ProtocolHandler ["http-nio-8080"]
2023-11-12 23:08:36.020 [restartedMain] INFO  o.s.boot.web.embedded.tomcat.TomcatWebServer - Tomcat started on port(s): 8080 (http) with context path ''
2023-11-12 23:08:36.026 [restartedMain] INFO  com.hp.blogserver.BlogServerApplication - Started BlogServerApplication in 1.041 seconds (process running for 1529.6)
2023-11-12 23:08:36.027 [restartedMain] INFO  o.s.b.d.a.ConditionEvaluationDeltaLoggingListener - Condition evaluation unchanged
2023-11-12 23:08:44.457 [background-preinit] INFO  org.hibernate.validator.internal.util.Version - HV000001: Hibernate Validator 8.0.1.Final
2023-11-12 23:08:44.482 [restartedMain] INFO  com.hp.blogserver.BlogServerApplication - Starting BlogServerApplication using Java 17.0.9 with PID 2736 (C:\Users\20126\Desktop\blog\blog-server\target\classes started by 20126 in C:\Users\20126\Desktop\blog\blog-server)
2023-11-12 23:08:44.483 [restartedMain] INFO  com.hp.blogserver.BlogServerApplication - The following 1 profile is active: "dev"
2023-11-12 23:08:44.511 [restartedMain] INFO  o.s.boot.devtools.restart.ChangeableUrls - The Class-Path manifest attribute in C:\Users\20126\.m2\repository\xalan\xalan\2.7.2\xalan-2.7.2.jar referenced one or more files that do not exist: file:/C:/Users/20126/.m2/repository/xalan/xalan/2.7.2/xercesImpl.jar,file:/C:/Users/20126/.m2/repository/xalan/xalan/2.7.2/xml-apis.jar,file:/C:/Users/20126/.m2/repository/xalan/xalan/2.7.2/serializer.jar
2023-11-12 23:08:44.512 [restartedMain] INFO  o.s.boot.devtools.restart.ChangeableUrls - The Class-Path manifest attribute in C:\Users\20126\.m2\repository\xalan\serializer\2.7.2\serializer-2.7.2.jar referenced one or more files that do not exist: file:/C:/Users/20126/.m2/repository/xalan/serializer/2.7.2/xml-apis.jar
2023-11-12 23:08:44.512 [restartedMain] INFO  o.s.b.d.env.DevToolsPropertyDefaultsPostProcessor - Devtools property defaults active! Set 'spring.devtools.add-properties' to 'false' to disable
2023-11-12 23:08:44.512 [restartedMain] INFO  o.s.b.d.env.DevToolsPropertyDefaultsPostProcessor - For additional web related logging consider setting the 'logging.level.web' property to 'DEBUG'
2023-11-12 23:08:45.598 [restartedMain] INFO  o.s.boot.web.embedded.tomcat.TomcatWebServer - Tomcat initialized with port(s): 8080 (http)
2023-11-12 23:08:45.604 [restartedMain] INFO  org.apache.coyote.http11.Http11NioProtocol - Initializing ProtocolHandler ["http-nio-8080"]
2023-11-12 23:08:45.605 [restartedMain] INFO  org.apache.catalina.core.StandardService - Starting service [Tomcat]
2023-11-12 23:08:45.605 [restartedMain] INFO  org.apache.catalina.core.StandardEngine - Starting Servlet engine: [Apache Tomcat/10.1.11]
2023-11-12 23:08:45.651 [restartedMain] INFO  o.a.c.core.ContainerBase.[Tomcat].[localhost].[/] - Initializing Spring embedded WebApplicationContext
2023-11-12 23:08:45.652 [restartedMain] INFO  o.s.b.w.s.c.ServletWebServerApplicationContext - Root WebApplicationContext: initialization completed in 1139 ms
2023-11-12 23:08:46.849 [restartedMain] INFO  o.s.b.actuate.endpoint.web.EndpointLinksResolver - Exposing 1 endpoint(s) beneath base path '/actuator'
2023-11-12 23:08:46.880 [restartedMain] INFO  o.s.security.web.DefaultSecurityFilterChain - Will secure any request with [org.springframework.security.web.session.DisableEncodeUrlFilter@6503a586, org.springframework.security.web.context.request.async.WebAsyncManagerIntegrationFilter@2a0120cc, org.springframework.security.web.context.SecurityContextHolderFilter@6a483bad, org.springframework.security.web.header.HeaderWriterFilter@156292c9, org.springframework.security.web.authentication.logout.LogoutFilter@66c40239, com.hp.blogserver.security.filter.JwtAuthenticationTokenFilter@34b3f0ed, com.hp.blogserver.security.filter.LoginAuthenticationFilter@600eda1e, org.springframework.security.web.savedrequest.RequestCacheAwareFilter@635129c7, org.springframework.security.web.servletapi.SecurityContextHolderAwareRequestFilter@1f03baf5, org.springframework.security.web.authentication.AnonymousAuthenticationFilter@18597c0c, org.springframework.security.web.access.ExceptionTranslationFilter@64a1964b, org.springframework.security.web.access.intercept.AuthorizationFilter@3fe42908]
2023-11-12 23:08:47.114 [restartedMain] INFO  o.s.b.d.autoconfigure.OptionalLiveReloadServer - LiveReload server is running on port 35729
2023-11-12 23:08:47.148 [restartedMain] INFO  org.apache.coyote.http11.Http11NioProtocol - Starting ProtocolHandler ["http-nio-8080"]
2023-11-12 23:08:47.161 [restartedMain] INFO  o.s.boot.web.embedded.tomcat.TomcatWebServer - Tomcat started on port(s): 8080 (http) with context path ''
2023-11-12 23:08:47.173 [restartedMain] INFO  com.hp.blogserver.BlogServerApplication - Started BlogServerApplication in 3.014 seconds (process running for 3.564)
2023-11-12 23:09:44.161 [File Watcher] INFO  o.s.b.d.a.LocalDevToolsAutoConfiguration$RestartingClassPathChangeChangedEventListener - Restarting due to 1 class path change (0 additions, 0 deletions, 1 modification)
2023-11-12 23:09:44.178 [Thread-5] INFO  org.apache.coyote.http11.Http11NioProtocol - Pausing ProtocolHandler ["http-nio-8080"]
2023-11-12 23:09:44.178 [Thread-5] INFO  org.apache.catalina.core.StandardService - Stopping service [Tomcat]
2023-11-12 23:09:44.181 [Thread-5] INFO  org.apache.coyote.http11.Http11NioProtocol - Stopping ProtocolHandler ["http-nio-8080"]
2023-11-12 23:09:44.183 [Thread-5] INFO  org.apache.coyote.http11.Http11NioProtocol - Destroying ProtocolHandler ["http-nio-8080"]
2023-11-12 23:09:44.255 [restartedMain] INFO  com.hp.blogserver.BlogServerApplication - Starting BlogServerApplication using Java 17.0.9 with PID 2736 (C:\Users\20126\Desktop\blog\blog-server\target\classes started by 20126 in C:\Users\20126\Desktop\blog\blog-server)
2023-11-12 23:09:44.255 [restartedMain] INFO  com.hp.blogserver.BlogServerApplication - The following 1 profile is active: "dev"
2023-11-12 23:09:44.505 [restartedMain] INFO  o.s.boot.web.embedded.tomcat.TomcatWebServer - Tomcat initialized with port(s): 8080 (http)
2023-11-12 23:09:44.505 [restartedMain] INFO  org.apache.coyote.http11.Http11NioProtocol - Initializing ProtocolHandler ["http-nio-8080"]
2023-11-12 23:09:44.505 [restartedMain] INFO  org.apache.catalina.core.StandardService - Starting service [Tomcat]
2023-11-12 23:09:44.505 [restartedMain] INFO  org.apache.catalina.core.StandardEngine - Starting Servlet engine: [Apache Tomcat/10.1.11]
2023-11-12 23:09:44.519 [restartedMain] INFO  o.a.c.core.ContainerBase.[Tomcat].[localhost].[/] - Initializing Spring embedded WebApplicationContext
2023-11-12 23:09:44.519 [restartedMain] INFO  o.s.b.w.s.c.ServletWebServerApplicationContext - Root WebApplicationContext: initialization completed in 263 ms
2023-11-12 23:09:45.106 [restartedMain] INFO  o.s.b.actuate.endpoint.web.EndpointLinksResolver - Exposing 1 endpoint(s) beneath base path '/actuator'
2023-11-12 23:09:45.118 [restartedMain] INFO  o.s.security.web.DefaultSecurityFilterChain - Will secure any request with [org.springframework.security.web.session.DisableEncodeUrlFilter@431570f4, org.springframework.security.web.context.request.async.WebAsyncManagerIntegrationFilter@79280d78, org.springframework.security.web.context.SecurityContextHolderFilter@4cdf769f, org.springframework.security.web.header.HeaderWriterFilter@50f1c4bf, org.springframework.security.web.authentication.logout.LogoutFilter@217121c, com.hp.blogserver.security.filter.JwtAuthenticationTokenFilter@7c36fd7b, com.hp.blogserver.security.filter.LoginAuthenticationFilter@1e788c99, org.springframework.security.web.savedrequest.RequestCacheAwareFilter@7f66f01c, org.springframework.security.web.servletapi.SecurityContextHolderAwareRequestFilter@6bc1145f, org.springframework.security.web.authentication.AnonymousAuthenticationFilter@7602dd72, org.springframework.security.web.access.ExceptionTranslationFilter@33b4e0f7, org.springframework.security.web.access.intercept.AuthorizationFilter@29b962b6]
2023-11-12 23:09:45.205 [restartedMain] INFO  o.s.b.d.autoconfigure.OptionalLiveReloadServer - LiveReload server is running on port 35729
2023-11-12 23:09:45.217 [restartedMain] INFO  org.apache.coyote.http11.Http11NioProtocol - Starting ProtocolHandler ["http-nio-8080"]
2023-11-12 23:09:45.219 [restartedMain] INFO  o.s.boot.web.embedded.tomcat.TomcatWebServer - Tomcat started on port(s): 8080 (http) with context path ''
2023-11-12 23:09:45.225 [restartedMain] INFO  com.hp.blogserver.BlogServerApplication - Started BlogServerApplication in 0.995 seconds (process running for 61.616)
2023-11-12 23:09:45.228 [restartedMain] INFO  o.s.b.d.a.ConditionEvaluationDeltaLoggingListener - Condition evaluation unchanged
2023-11-12 23:10:20.402 [background-preinit] INFO  org.hibernate.validator.internal.util.Version - HV000001: Hibernate Validator 8.0.1.Final
2023-11-12 23:10:20.427 [restartedMain] INFO  com.hp.blogserver.BlogServerApplication - Starting BlogServerApplication using Java 17.0.9 with PID 24568 (C:\Users\20126\Desktop\blog\blog-server\target\classes started by 20126 in C:\Users\20126\Desktop\blog\blog-server)
2023-11-12 23:10:20.428 [restartedMain] INFO  com.hp.blogserver.BlogServerApplication - The following 1 profile is active: "dev"
2023-11-12 23:10:20.456 [restartedMain] INFO  o.s.boot.devtools.restart.ChangeableUrls - The Class-Path manifest attribute in C:\Users\20126\.m2\repository\xalan\xalan\2.7.2\xalan-2.7.2.jar referenced one or more files that do not exist: file:/C:/Users/20126/.m2/repository/xalan/xalan/2.7.2/xercesImpl.jar,file:/C:/Users/20126/.m2/repository/xalan/xalan/2.7.2/xml-apis.jar,file:/C:/Users/20126/.m2/repository/xalan/xalan/2.7.2/serializer.jar
2023-11-12 23:10:20.456 [restartedMain] INFO  o.s.boot.devtools.restart.ChangeableUrls - The Class-Path manifest attribute in C:\Users\20126\.m2\repository\xalan\serializer\2.7.2\serializer-2.7.2.jar referenced one or more files that do not exist: file:/C:/Users/20126/.m2/repository/xalan/serializer/2.7.2/xml-apis.jar
2023-11-12 23:10:20.456 [restartedMain] INFO  o.s.b.d.env.DevToolsPropertyDefaultsPostProcessor - Devtools property defaults active! Set 'spring.devtools.add-properties' to 'false' to disable
2023-11-12 23:10:20.456 [restartedMain] INFO  o.s.b.d.env.DevToolsPropertyDefaultsPostProcessor - For additional web related logging consider setting the 'logging.level.web' property to 'DEBUG'
2023-11-12 23:10:21.554 [restartedMain] INFO  o.s.boot.web.embedded.tomcat.TomcatWebServer - Tomcat initialized with port(s): 8080 (http)
2023-11-12 23:10:21.561 [restartedMain] INFO  org.apache.coyote.http11.Http11NioProtocol - Initializing ProtocolHandler ["http-nio-8080"]
2023-11-12 23:10:21.564 [restartedMain] INFO  org.apache.catalina.core.StandardService - Starting service [Tomcat]
2023-11-12 23:10:21.565 [restartedMain] INFO  org.apache.catalina.core.StandardEngine - Starting Servlet engine: [Apache Tomcat/10.1.11]
2023-11-12 23:10:21.613 [restartedMain] INFO  o.a.c.core.ContainerBase.[Tomcat].[localhost].[/] - Initializing Spring embedded WebApplicationContext
2023-11-12 23:10:21.613 [restartedMain] INFO  o.s.b.w.s.c.ServletWebServerApplicationContext - Root WebApplicationContext: initialization completed in 1157 ms
2023-11-12 23:10:22.746 [restartedMain] INFO  o.s.b.actuate.endpoint.web.EndpointLinksResolver - Exposing 1 endpoint(s) beneath base path '/actuator'
2023-11-12 23:10:22.776 [restartedMain] INFO  o.s.security.web.DefaultSecurityFilterChain - Will secure any request with [org.springframework.security.web.session.DisableEncodeUrlFilter@6a834498, org.springframework.security.web.context.request.async.WebAsyncManagerIntegrationFilter@41ea34c0, org.springframework.security.web.context.SecurityContextHolderFilter@6fbc4fcd, org.springframework.security.web.header.HeaderWriterFilter@4be8f6c6, org.springframework.security.web.authentication.logout.LogoutFilter@39fc8760, com.hp.blogserver.security.filter.JwtAuthenticationTokenFilter@44415942, com.hp.blogserver.security.filter.LoginAuthenticationFilter@358a75fe, org.springframework.security.web.savedrequest.RequestCacheAwareFilter@6fbf8e31, org.springframework.security.web.servletapi.SecurityContextHolderAwareRequestFilter@35f08967, org.springframework.security.web.authentication.AnonymousAuthenticationFilter@455d5053, org.springframework.security.web.access.ExceptionTranslationFilter@529dcfa3, org.springframework.security.web.access.intercept.AuthorizationFilter@2ef56b74]
2023-11-12 23:10:23.012 [restartedMain] INFO  o.s.b.d.autoconfigure.OptionalLiveReloadServer - LiveReload server is running on port 35729
2023-11-12 23:10:23.046 [restartedMain] INFO  org.apache.coyote.http11.Http11NioProtocol - Starting ProtocolHandler ["http-nio-8080"]
2023-11-12 23:10:23.060 [restartedMain] INFO  o.s.boot.web.embedded.tomcat.TomcatWebServer - Tomcat started on port(s): 8080 (http) with context path ''
2023-11-12 23:10:23.070 [restartedMain] INFO  com.hp.blogserver.BlogServerApplication - Started BlogServerApplication in 2.957 seconds (process running for 3.388)
2023-11-12 23:10:53.306 [File Watcher] INFO  o.s.b.d.a.LocalDevToolsAutoConfiguration$RestartingClassPathChangeChangedEventListener - Restarting due to 1 class path change (0 additions, 0 deletions, 1 modification)
2023-11-12 23:10:53.318 [Thread-5] INFO  org.apache.coyote.http11.Http11NioProtocol - Pausing ProtocolHandler ["http-nio-8080"]
2023-11-12 23:10:53.319 [Thread-5] INFO  org.apache.catalina.core.StandardService - Stopping service [Tomcat]
2023-11-12 23:10:53.322 [Thread-5] INFO  org.apache.coyote.http11.Http11NioProtocol - Stopping ProtocolHandler ["http-nio-8080"]
2023-11-12 23:10:53.324 [Thread-5] INFO  org.apache.coyote.http11.Http11NioProtocol - Destroying ProtocolHandler ["http-nio-8080"]
2023-11-12 23:10:53.392 [restartedMain] INFO  com.hp.blogserver.BlogServerApplication - Starting BlogServerApplication using Java 17.0.9 with PID 24568 (C:\Users\20126\Desktop\blog\blog-server\target\classes started by 20126 in C:\Users\20126\Desktop\blog\blog-server)
2023-11-12 23:10:53.392 [restartedMain] INFO  com.hp.blogserver.BlogServerApplication - The following 1 profile is active: "dev"
2023-11-12 23:10:53.655 [restartedMain] INFO  o.s.boot.web.embedded.tomcat.TomcatWebServer - Tomcat initialized with port(s): 8080 (http)
2023-11-12 23:10:53.655 [restartedMain] INFO  org.apache.coyote.http11.Http11NioProtocol - Initializing ProtocolHandler ["http-nio-8080"]
2023-11-12 23:10:53.655 [restartedMain] INFO  org.apache.catalina.core.StandardService - Starting service [Tomcat]
2023-11-12 23:10:53.655 [restartedMain] INFO  org.apache.catalina.core.StandardEngine - Starting Servlet engine: [Apache Tomcat/10.1.11]
2023-11-12 23:10:53.668 [restartedMain] INFO  o.a.c.core.ContainerBase.[Tomcat].[localhost].[/] - Initializing Spring embedded WebApplicationContext
2023-11-12 23:10:53.668 [restartedMain] INFO  o.s.b.w.s.c.ServletWebServerApplicationContext - Root WebApplicationContext: initialization completed in 275 ms
2023-11-12 23:10:54.322 [restartedMain] INFO  o.s.b.actuate.endpoint.web.EndpointLinksResolver - Exposing 1 endpoint(s) beneath base path '/actuator'
2023-11-12 23:10:54.335 [restartedMain] INFO  o.s.security.web.DefaultSecurityFilterChain - Will secure any request with [org.springframework.security.web.session.DisableEncodeUrlFilter@1a171d9d, org.springframework.security.web.context.request.async.WebAsyncManagerIntegrationFilter@683561f6, org.springframework.security.web.context.SecurityContextHolderFilter@b29648c, org.springframework.security.web.header.HeaderWriterFilter@54d422a4, org.springframework.security.web.authentication.logout.LogoutFilter@36288f16, com.hp.blogserver.security.filter.JwtAuthenticationTokenFilter@554cad27, com.hp.blogserver.security.filter.LoginAuthenticationFilter@4461e1be, org.springframework.security.web.savedrequest.RequestCacheAwareFilter@5f9415a4, org.springframework.security.web.servletapi.SecurityContextHolderAwareRequestFilter@3d14b8e, org.springframework.security.web.authentication.AnonymousAuthenticationFilter@66b8e75a, org.springframework.security.web.access.ExceptionTranslationFilter@1379fc04, org.springframework.security.web.access.intercept.AuthorizationFilter@406a3ada]
2023-11-12 23:10:54.434 [restartedMain] INFO  o.s.b.d.autoconfigure.OptionalLiveReloadServer - LiveReload server is running on port 35729
2023-11-12 23:10:54.448 [restartedMain] INFO  o.s.boot.web.embedded.tomcat.TomcatWebServer - Tomcat started on port(s): 8080 (http) with context path ''
2023-11-12 23:10:54.454 [restartedMain] INFO  com.hp.blogserver.BlogServerApplication - Started BlogServerApplication in 1.085 seconds (process running for 34.772)
2023-11-12 23:10:54.456 [restartedMain] INFO  o.s.b.d.a.ConditionEvaluationDeltaLoggingListener - Condition evaluation unchanged
2023-11-12 23:10:56.718 [background-preinit] INFO  org.hibernate.validator.internal.util.Version - HV000001: Hibernate Validator 8.0.1.Final
2023-11-12 23:10:56.751 [restartedMain] INFO  com.hp.blogserver.BlogServerApplication - Starting BlogServerApplication using Java 17.0.9 with PID 12340 (C:\Users\20126\Desktop\blog\blog-server\target\classes started by 20126 in C:\Users\20126\Desktop\blog\blog-server)
2023-11-12 23:10:56.752 [restartedMain] INFO  com.hp.blogserver.BlogServerApplication - The following 1 profile is active: "dev"
2023-11-12 23:10:56.790 [restartedMain] INFO  o.s.boot.devtools.restart.ChangeableUrls - The Class-Path manifest attribute in C:\Users\20126\.m2\repository\xalan\xalan\2.7.2\xalan-2.7.2.jar referenced one or more files that do not exist: file:/C:/Users/20126/.m2/repository/xalan/xalan/2.7.2/xercesImpl.jar,file:/C:/Users/20126/.m2/repository/xalan/xalan/2.7.2/xml-apis.jar,file:/C:/Users/20126/.m2/repository/xalan/xalan/2.7.2/serializer.jar
2023-11-12 23:10:56.790 [restartedMain] INFO  o.s.boot.devtools.restart.ChangeableUrls - The Class-Path manifest attribute in C:\Users\20126\.m2\repository\xalan\serializer\2.7.2\serializer-2.7.2.jar referenced one or more files that do not exist: file:/C:/Users/20126/.m2/repository/xalan/serializer/2.7.2/xml-apis.jar
2023-11-12 23:10:56.790 [restartedMain] INFO  o.s.b.d.env.DevToolsPropertyDefaultsPostProcessor - Devtools property defaults active! Set 'spring.devtools.add-properties' to 'false' to disable
2023-11-12 23:10:56.790 [restartedMain] INFO  o.s.b.d.env.DevToolsPropertyDefaultsPostProcessor - For additional web related logging consider setting the 'logging.level.web' property to 'DEBUG'
2023-11-12 23:10:57.987 [restartedMain] INFO  o.s.boot.web.embedded.tomcat.TomcatWebServer - Tomcat initialized with port(s): 8080 (http)
2023-11-12 23:10:57.992 [restartedMain] INFO  org.apache.coyote.http11.Http11NioProtocol - Initializing ProtocolHandler ["http-nio-8080"]
2023-11-12 23:10:57.994 [restartedMain] INFO  org.apache.catalina.core.StandardService - Starting service [Tomcat]
2023-11-12 23:10:57.994 [restartedMain] INFO  org.apache.catalina.core.StandardEngine - Starting Servlet engine: [Apache Tomcat/10.1.11]
2023-11-12 23:10:58.041 [restartedMain] INFO  o.a.c.core.ContainerBase.[Tomcat].[localhost].[/] - Initializing Spring embedded WebApplicationContext
2023-11-12 23:10:58.041 [restartedMain] INFO  o.s.b.w.s.c.ServletWebServerApplicationContext - Root WebApplicationContext: initialization completed in 1250 ms
2023-11-12 23:10:59.211 [restartedMain] INFO  o.s.b.actuate.endpoint.web.EndpointLinksResolver - Exposing 1 endpoint(s) beneath base path '/actuator'
2023-11-12 23:10:59.241 [restartedMain] INFO  o.s.security.web.DefaultSecurityFilterChain - Will secure any request with [org.springframework.security.web.session.DisableEncodeUrlFilter@18597c0c, org.springframework.security.web.context.request.async.WebAsyncManagerIntegrationFilter@3bfd288b, org.springframework.security.web.context.SecurityContextHolderFilter@760ffe1b, org.springframework.security.web.header.HeaderWriterFilter@6bbd08f7, org.springframework.security.web.authentication.logout.LogoutFilter@6dee9665, com.hp.blogserver.security.filter.JwtAuthenticationTokenFilter@10e28381, com.hp.blogserver.security.filter.LoginAuthenticationFilter@6aa75a9, org.springframework.security.web.savedrequest.RequestCacheAwareFilter@1f03baf5, org.springframework.security.web.servletapi.SecurityContextHolderAwareRequestFilter@3ed70b, org.springframework.security.web.authentication.AnonymousAuthenticationFilter@5540c06c, org.springframework.security.web.access.ExceptionTranslationFilter@459f6836, org.springframework.security.web.access.intercept.AuthorizationFilter@34b3f0ed]
2023-11-12 23:10:59.460 [restartedMain] INFO  o.s.b.d.autoconfigure.OptionalLiveReloadServer - LiveReload server is running on port 35729
2023-11-12 23:10:59.490 [restartedMain] INFO  org.apache.coyote.http11.Http11NioProtocol - Starting ProtocolHandler ["http-nio-8080"]
2023-11-12 23:10:59.502 [restartedMain] INFO  o.s.boot.web.embedded.tomcat.TomcatWebServer - Tomcat started on port(s): 8080 (http) with context path ''
2023-11-12 23:10:59.512 [restartedMain] INFO  com.hp.blogserver.BlogServerApplication - Started BlogServerApplication in 3.164 seconds (process running for 3.93)
2023-11-12 23:11:18.487 [background-preinit] INFO  org.hibernate.validator.internal.util.Version - HV000001: Hibernate Validator 8.0.1.Final
2023-11-12 23:11:18.511 [restartedMain] INFO  com.hp.blogserver.BlogServerApplication - Starting BlogServerApplication using Java 17.0.9 with PID 25804 (C:\Users\20126\Desktop\blog\blog-server\target\classes started by 20126 in C:\Users\20126\Desktop\blog\blog-server)
2023-11-12 23:11:18.512 [restartedMain] INFO  com.hp.blogserver.BlogServerApplication - The following 1 profile is active: "dev"
2023-11-12 23:11:18.540 [restartedMain] INFO  o.s.boot.devtools.restart.ChangeableUrls - The Class-Path manifest attribute in C:\Users\20126\.m2\repository\xalan\xalan\2.7.2\xalan-2.7.2.jar referenced one or more files that do not exist: file:/C:/Users/20126/.m2/repository/xalan/xalan/2.7.2/xercesImpl.jar,file:/C:/Users/20126/.m2/repository/xalan/xalan/2.7.2/xml-apis.jar,file:/C:/Users/20126/.m2/repository/xalan/xalan/2.7.2/serializer.jar
2023-11-12 23:11:18.540 [restartedMain] INFO  o.s.boot.devtools.restart.ChangeableUrls - The Class-Path manifest attribute in C:\Users\20126\.m2\repository\xalan\serializer\2.7.2\serializer-2.7.2.jar referenced one or more files that do not exist: file:/C:/Users/20126/.m2/repository/xalan/serializer/2.7.2/xml-apis.jar
2023-11-12 23:11:18.540 [restartedMain] INFO  o.s.b.d.env.DevToolsPropertyDefaultsPostProcessor - Devtools property defaults active! Set 'spring.devtools.add-properties' to 'false' to disable
2023-11-12 23:11:18.540 [restartedMain] INFO  o.s.b.d.env.DevToolsPropertyDefaultsPostProcessor - For additional web related logging consider setting the 'logging.level.web' property to 'DEBUG'
2023-11-12 23:11:19.598 [restartedMain] INFO  o.s.boot.web.embedded.tomcat.TomcatWebServer - Tomcat initialized with port(s): 8080 (http)
2023-11-12 23:11:19.606 [restartedMain] INFO  org.apache.coyote.http11.Http11NioProtocol - Initializing ProtocolHandler ["http-nio-8080"]
2023-11-12 23:11:19.607 [restartedMain] INFO  org.apache.catalina.core.StandardService - Starting service [Tomcat]
2023-11-12 23:11:19.607 [restartedMain] INFO  org.apache.catalina.core.StandardEngine - Starting Servlet engine: [Apache Tomcat/10.1.11]
2023-11-12 23:11:19.650 [restartedMain] INFO  o.a.c.core.ContainerBase.[Tomcat].[localhost].[/] - Initializing Spring embedded WebApplicationContext
2023-11-12 23:11:19.652 [restartedMain] INFO  o.s.b.w.s.c.ServletWebServerApplicationContext - Root WebApplicationContext: initialization completed in 1112 ms
2023-11-12 23:11:20.825 [restartedMain] INFO  o.s.b.actuate.endpoint.web.EndpointLinksResolver - Exposing 1 endpoint(s) beneath base path '/actuator'
2023-11-12 23:11:20.857 [restartedMain] INFO  o.s.security.web.DefaultSecurityFilterChain - Will secure any request with [org.springframework.security.web.session.DisableEncodeUrlFilter@1110b14b, org.springframework.security.web.context.request.async.WebAsyncManagerIntegrationFilter@48e9dfdc, org.springframework.security.web.context.SecurityContextHolderFilter@6635354f, org.springframework.security.web.header.HeaderWriterFilter@3c0b0936, org.springframework.security.web.authentication.logout.LogoutFilter@449cb562, com.hp.blogserver.security.filter.JwtAuthenticationTokenFilter@2dc8a20b, com.hp.blogserver.security.filter.LoginAuthenticationFilter@6480094b, org.springframework.security.web.savedrequest.RequestCacheAwareFilter@2e5c2d97, org.springframework.security.web.servletapi.SecurityContextHolderAwareRequestFilter@7ff39c0, org.springframework.security.web.authentication.AnonymousAuthenticationFilter@708e7679, org.springframework.security.web.access.ExceptionTranslationFilter@6da4c8ac, org.springframework.security.web.access.intercept.AuthorizationFilter@7a43e0fa]
2023-11-12 23:11:21.122 [restartedMain] INFO  o.s.b.d.autoconfigure.OptionalLiveReloadServer - LiveReload server is running on port 35729
2023-11-12 23:11:21.157 [restartedMain] INFO  org.apache.coyote.http11.Http11NioProtocol - Starting ProtocolHandler ["http-nio-8080"]
2023-11-12 23:11:21.170 [restartedMain] INFO  o.s.boot.web.embedded.tomcat.TomcatWebServer - Tomcat started on port(s): 8080 (http) with context path ''
2023-11-12 23:11:21.180 [restartedMain] INFO  com.hp.blogserver.BlogServerApplication - Started BlogServerApplication in 3.021 seconds (process running for 3.525)
