2023-11-12 22:43:09.020 [restartedMain] WARN  c.b.mybatisplus.core.metadata.TableInfoHelper - Can not find table primary key in Class: "com.hp.blogserver.entity.MenuPerm".
2023-11-12 22:43:09.021 [restartedMain] WARN  c.b.mybatisplus.core.injector.DefaultSqlInjector - class com.hp.blogserver.entity.MenuPerm ,Not found @TableId annotation, Cannot use Mybatis-Plus 'xxById' Method.
2023-11-12 22:43:09.043 [restartedMain] WARN  c.b.mybatisplus.core.metadata.TableInfoHelper - Can not find table primary key in Class: "com.hp.blogserver.entity.MenuRole".
2023-11-12 22:43:09.045 [restartedMain] WARN  c.b.mybatisplus.core.injector.DefaultSqlInjector - class com.hp.blogserver.entity.MenuRole ,Not found @TableId annotation, Cannot use Mybatis-Plus 'xxById' Method.
2023-11-12 22:43:09.121 [restartedMain] WARN  c.b.mybatisplus.core.metadata.TableInfoHelper - Can not find table primary key in Class: "com.hp.blogserver.entity.UserRole".
2023-11-12 22:43:09.122 [restartedMain] WARN  c.b.mybatisplus.core.injector.DefaultSqlInjector - class com.hp.blogserver.entity.UserRole ,Not found @TableId annotation, Cannot use Mybatis-Plus 'xxById' Method.
2023-11-12 23:03:45.923 [restartedMain] WARN  c.b.mybatisplus.core.metadata.TableInfoHelper - Can not find table primary key in Class: "com.hp.blogserver.entity.MenuPerm".
2023-11-12 23:03:45.923 [restartedMain] WARN  c.b.mybatisplus.core.injector.DefaultSqlInjector - class com.hp.blogserver.entity.MenuPerm ,Not found @TableId annotation, Cannot use Mybatis-Plus 'xxById' Method.
2023-11-12 23:03:45.940 [restartedMain] WARN  c.b.mybatisplus.core.metadata.TableInfoHelper - Can not find table primary key in Class: "com.hp.blogserver.entity.MenuRole".
2023-11-12 23:03:45.940 [restartedMain] WARN  c.b.mybatisplus.core.injector.DefaultSqlInjector - class com.hp.blogserver.entity.MenuRole ,Not found @TableId annotation, Cannot use Mybatis-Plus 'xxById' Method.
2023-11-12 23:03:46.000 [restartedMain] WARN  c.b.mybatisplus.core.metadata.TableInfoHelper - Can not find table primary key in Class: "com.hp.blogserver.entity.UserRole".
2023-11-12 23:03:46.000 [restartedMain] WARN  c.b.mybatisplus.core.injector.DefaultSqlInjector - class com.hp.blogserver.entity.UserRole ,Not found @TableId annotation, Cannot use Mybatis-Plus 'xxById' Method.
2023-11-12 23:08:35.508 [restartedMain] WARN  c.b.mybatisplus.core.metadata.TableInfoHelper - Can not find table primary key in Class: "com.hp.blogserver.entity.MenuPerm".
2023-11-12 23:08:35.508 [restartedMain] WARN  c.b.mybatisplus.core.injector.DefaultSqlInjector - class com.hp.blogserver.entity.MenuPerm ,Not found @TableId annotation, Cannot use Mybatis-Plus 'xxById' Method.
2023-11-12 23:08:35.521 [restartedMain] WARN  c.b.mybatisplus.core.metadata.TableInfoHelper - Can not find table primary key in Class: "com.hp.blogserver.entity.MenuRole".
2023-11-12 23:08:35.522 [restartedMain] WARN  c.b.mybatisplus.core.injector.DefaultSqlInjector - class com.hp.blogserver.entity.MenuRole ,Not found @TableId annotation, Cannot use Mybatis-Plus 'xxById' Method.
2023-11-12 23:08:35.574 [restartedMain] WARN  c.b.mybatisplus.core.metadata.TableInfoHelper - Can not find table primary key in Class: "com.hp.blogserver.entity.UserRole".
2023-11-12 23:08:35.574 [restartedMain] WARN  c.b.mybatisplus.core.injector.DefaultSqlInjector - class com.hp.blogserver.entity.UserRole ,Not found @TableId annotation, Cannot use Mybatis-Plus 'xxById' Method.
2023-11-12 23:08:46.129 [restartedMain] WARN  c.b.mybatisplus.core.metadata.TableInfoHelper - Can not find table primary key in Class: "com.hp.blogserver.entity.MenuPerm".
2023-11-12 23:08:46.129 [restartedMain] WARN  c.b.mybatisplus.core.injector.DefaultSqlInjector - class com.hp.blogserver.entity.MenuPerm ,Not found @TableId annotation, Cannot use Mybatis-Plus 'xxById' Method.
2023-11-12 23:08:46.151 [restartedMain] WARN  c.b.mybatisplus.core.metadata.TableInfoHelper - Can not find table primary key in Class: "com.hp.blogserver.entity.MenuRole".
2023-11-12 23:08:46.151 [restartedMain] WARN  c.b.mybatisplus.core.injector.DefaultSqlInjector - class com.hp.blogserver.entity.MenuRole ,Not found @TableId annotation, Cannot use Mybatis-Plus 'xxById' Method.
2023-11-12 23:08:46.230 [restartedMain] WARN  c.b.mybatisplus.core.metadata.TableInfoHelper - Can not find table primary key in Class: "com.hp.blogserver.entity.UserRole".
2023-11-12 23:08:46.230 [restartedMain] WARN  c.b.mybatisplus.core.injector.DefaultSqlInjector - class com.hp.blogserver.entity.UserRole ,Not found @TableId annotation, Cannot use Mybatis-Plus 'xxById' Method.
2023-11-12 23:09:44.708 [restartedMain] WARN  c.b.mybatisplus.core.metadata.TableInfoHelper - Can not find table primary key in Class: "com.hp.blogserver.entity.MenuPerm".
2023-11-12 23:09:44.709 [restartedMain] WARN  c.b.mybatisplus.core.injector.DefaultSqlInjector - class com.hp.blogserver.entity.MenuPerm ,Not found @TableId annotation, Cannot use Mybatis-Plus 'xxById' Method.
2023-11-12 23:09:44.725 [restartedMain] WARN  c.b.mybatisplus.core.metadata.TableInfoHelper - Can not find table primary key in Class: "com.hp.blogserver.entity.MenuRole".
2023-11-12 23:09:44.725 [restartedMain] WARN  c.b.mybatisplus.core.injector.DefaultSqlInjector - class com.hp.blogserver.entity.MenuRole ,Not found @TableId annotation, Cannot use Mybatis-Plus 'xxById' Method.
2023-11-12 23:09:44.782 [restartedMain] WARN  c.b.mybatisplus.core.metadata.TableInfoHelper - Can not find table primary key in Class: "com.hp.blogserver.entity.UserRole".
2023-11-12 23:09:44.782 [restartedMain] WARN  c.b.mybatisplus.core.injector.DefaultSqlInjector - class com.hp.blogserver.entity.UserRole ,Not found @TableId annotation, Cannot use Mybatis-Plus 'xxById' Method.
2023-11-12 23:10:22.076 [restartedMain] WARN  c.b.mybatisplus.core.metadata.TableInfoHelper - Can not find table primary key in Class: "com.hp.blogserver.entity.MenuPerm".
2023-11-12 23:10:22.076 [restartedMain] WARN  c.b.mybatisplus.core.injector.DefaultSqlInjector - class com.hp.blogserver.entity.MenuPerm ,Not found @TableId annotation, Cannot use Mybatis-Plus 'xxById' Method.
2023-11-12 23:10:22.095 [restartedMain] WARN  c.b.mybatisplus.core.metadata.TableInfoHelper - Can not find table primary key in Class: "com.hp.blogserver.entity.MenuRole".
2023-11-12 23:10:22.095 [restartedMain] WARN  c.b.mybatisplus.core.injector.DefaultSqlInjector - class com.hp.blogserver.entity.MenuRole ,Not found @TableId annotation, Cannot use Mybatis-Plus 'xxById' Method.
2023-11-12 23:10:22.168 [restartedMain] WARN  c.b.mybatisplus.core.metadata.TableInfoHelper - Can not find table primary key in Class: "com.hp.blogserver.entity.UserRole".
2023-11-12 23:10:22.168 [restartedMain] WARN  c.b.mybatisplus.core.injector.DefaultSqlInjector - class com.hp.blogserver.entity.UserRole ,Not found @TableId annotation, Cannot use Mybatis-Plus 'xxById' Method.
2023-11-12 23:10:53.863 [restartedMain] WARN  c.b.mybatisplus.core.metadata.TableInfoHelper - Can not find table primary key in Class: "com.hp.blogserver.entity.MenuPerm".
2023-11-12 23:10:53.864 [restartedMain] WARN  c.b.mybatisplus.core.injector.DefaultSqlInjector - class com.hp.blogserver.entity.MenuPerm ,Not found @TableId annotation, Cannot use Mybatis-Plus 'xxById' Method.
2023-11-12 23:10:53.886 [restartedMain] WARN  c.b.mybatisplus.core.metadata.TableInfoHelper - Can not find table primary key in Class: "com.hp.blogserver.entity.MenuRole".
2023-11-12 23:10:53.887 [restartedMain] WARN  c.b.mybatisplus.core.injector.DefaultSqlInjector - class com.hp.blogserver.entity.MenuRole ,Not found @TableId annotation, Cannot use Mybatis-Plus 'xxById' Method.
2023-11-12 23:10:53.969 [restartedMain] WARN  c.b.mybatisplus.core.metadata.TableInfoHelper - Can not find table primary key in Class: "com.hp.blogserver.entity.UserRole".
2023-11-12 23:10:53.969 [restartedMain] WARN  c.b.mybatisplus.core.injector.DefaultSqlInjector - class com.hp.blogserver.entity.UserRole ,Not found @TableId annotation, Cannot use Mybatis-Plus 'xxById' Method.
2023-11-12 23:10:58.537 [restartedMain] WARN  c.b.mybatisplus.core.metadata.TableInfoHelper - Can not find table primary key in Class: "com.hp.blogserver.entity.MenuPerm".
2023-11-12 23:10:58.537 [restartedMain] WARN  c.b.mybatisplus.core.injector.DefaultSqlInjector - class com.hp.blogserver.entity.MenuPerm ,Not found @TableId annotation, Cannot use Mybatis-Plus 'xxById' Method.
2023-11-12 23:10:58.557 [restartedMain] WARN  c.b.mybatisplus.core.metadata.TableInfoHelper - Can not find table primary key in Class: "com.hp.blogserver.entity.MenuRole".
2023-11-12 23:10:58.557 [restartedMain] WARN  c.b.mybatisplus.core.injector.DefaultSqlInjector - class com.hp.blogserver.entity.MenuRole ,Not found @TableId annotation, Cannot use Mybatis-Plus 'xxById' Method.
2023-11-12 23:10:58.633 [restartedMain] WARN  c.b.mybatisplus.core.metadata.TableInfoHelper - Can not find table primary key in Class: "com.hp.blogserver.entity.UserRole".
2023-11-12 23:10:58.634 [restartedMain] WARN  c.b.mybatisplus.core.injector.DefaultSqlInjector - class com.hp.blogserver.entity.UserRole ,Not found @TableId annotation, Cannot use Mybatis-Plus 'xxById' Method.
2023-11-12 23:11:20.124 [restartedMain] WARN  c.b.mybatisplus.core.metadata.TableInfoHelper - Can not find table primary key in Class: "com.hp.blogserver.entity.MenuPerm".
2023-11-12 23:11:20.124 [restartedMain] WARN  c.b.mybatisplus.core.injector.DefaultSqlInjector - class com.hp.blogserver.entity.MenuPerm ,Not found @TableId annotation, Cannot use Mybatis-Plus 'xxById' Method.
2023-11-12 23:11:20.144 [restartedMain] WARN  c.b.mybatisplus.core.metadata.TableInfoHelper - Can not find table primary key in Class: "com.hp.blogserver.entity.MenuRole".
2023-11-12 23:11:20.144 [restartedMain] WARN  c.b.mybatisplus.core.injector.DefaultSqlInjector - class com.hp.blogserver.entity.MenuRole ,Not found @TableId annotation, Cannot use Mybatis-Plus 'xxById' Method.
2023-11-12 23:11:20.215 [restartedMain] WARN  c.b.mybatisplus.core.metadata.TableInfoHelper - Can not find table primary key in Class: "com.hp.blogserver.entity.UserRole".
2023-11-12 23:11:20.215 [restartedMain] WARN  c.b.mybatisplus.core.injector.DefaultSqlInjector - class com.hp.blogserver.entity.UserRole ,Not found @TableId annotation, Cannot use Mybatis-Plus 'xxById' Method.
